{"C:\\Users\\jkurmapu\\OneDrive - Hitachi Vantara\\Desktop\\React Projects\\shopping-app\\src\\App.js": {"path":"C:\\Users\\jkurmapu\\OneDrive - Hitachi Vantara\\Desktop\\React Projects\\shopping-app\\src\\App.js","statementMap":{"0":{"start":{"line":36,"column":38},"end":{"line":36,"column":52}},"1":{"start":{"line":37,"column":46},"end":{"line":37,"column":61}},"2":{"start":{"line":38,"column":42},"end":{"line":38,"column":57}},"3":{"start":{"line":39,"column":40},"end":{"line":39,"column":55}},"4":{"start":{"line":40,"column":34},"end":{"line":40,"column":46}},"5":{"start":{"line":41,"column":42},"end":{"line":41,"column":54}},"6":{"start":{"line":42,"column":40},"end":{"line":42,"column":51}},"7":{"start":{"line":43,"column":36},"end":{"line":43,"column":47}},"8":{"start":{"line":45,"column":2},"end":{"line":48,"column":9}},"9":{"start":{"line":46,"column":4},"end":{"line":46,"column":16}},"10":{"start":{"line":47,"column":4},"end":{"line":47,"column":28}},"11":{"start":{"line":50,"column":20},"end":{"line":57,"column":3}},"12":{"start":{"line":51,"column":4},"end":{"line":56,"column":5}},"13":{"start":{"line":52,"column":23},"end":{"line":52,"column":76}},"14":{"start":{"line":53,"column":6},"end":{"line":53,"column":33}},"15":{"start":{"line":55,"column":6},"end":{"line":55,"column":37}},"16":{"start":{"line":59,"column":32},"end":{"line":70,"column":3}},"17":{"start":{"line":60,"column":4},"end":{"line":69,"column":5}},"18":{"start":{"line":61,"column":23},"end":{"line":61,"column":74}},"19":{"start":{"line":62,"column":30},"end":{"line":62,"column":93}},"20":{"start":{"line":62,"column":61},"end":{"line":62,"column":92}},"21":{"start":{"line":63,"column":6},"end":{"line":66,"column":7}},"22":{"start":{"line":64,"column":8},"end":{"line":64,"column":129}},"23":{"start":{"line":64,"column":56},"end":{"line":64,"column":126}},"24":{"start":{"line":65,"column":8},"end":{"line":65,"column":61}},"25":{"start":{"line":68,"column":6},"end":{"line":68,"column":63}},"26":{"start":{"line":72,"column":17},"end":{"line":77,"column":3}},"27":{"start":{"line":73,"column":4},"end":{"line":75,"column":12}},"28":{"start":{"line":74,"column":6},"end":{"line":74,"column":41}},"29":{"start":{"line":76,"column":4},"end":{"line":76,"column":28}},"30":{"start":{"line":79,"column":2},"end":{"line":201,"column":4}}},"fnMap":{"0":{"name":"App","decl":{"start":{"line":35,"column":9},"end":{"line":35,"column":12}},"loc":{"start":{"line":35,"column":15},"end":{"line":202,"column":1}},"line":35},"1":{"name":"(anonymous_1)","decl":{"start":{"line":45,"column":12},"end":{"line":45,"column":13}},"loc":{"start":{"line":45,"column":18},"end":{"line":48,"column":3}},"line":45},"2":{"name":"(anonymous_2)","decl":{"start":{"line":50,"column":20},"end":{"line":50,"column":21}},"loc":{"start":{"line":50,"column":32},"end":{"line":57,"column":3}},"line":50},"3":{"name":"(anonymous_3)","decl":{"start":{"line":59,"column":32},"end":{"line":59,"column":33}},"loc":{"start":{"line":59,"column":44},"end":{"line":70,"column":3}},"line":59},"4":{"name":"(anonymous_4)","decl":{"start":{"line":62,"column":51},"end":{"line":62,"column":52}},"loc":{"start":{"line":62,"column":61},"end":{"line":62,"column":92}},"line":62},"5":{"name":"(anonymous_5)","decl":{"start":{"line":64,"column":46},"end":{"line":64,"column":47}},"loc":{"start":{"line":64,"column":56},"end":{"line":64,"column":126}},"line":64},"6":{"name":"(anonymous_6)","decl":{"start":{"line":72,"column":17},"end":{"line":72,"column":18}},"loc":{"start":{"line":72,"column":23},"end":{"line":77,"column":3}},"line":72},"7":{"name":"(anonymous_7)","decl":{"start":{"line":73,"column":15},"end":{"line":73,"column":16}},"loc":{"start":{"line":73,"column":21},"end":{"line":75,"column":5}},"line":73}},"branchMap":{"0":{"loc":{"start":{"line":63,"column":6},"end":{"line":66,"column":7}},"type":"if","locations":[{"start":{"line":63,"column":6},"end":{"line":66,"column":7}},{"start":{},"end":{}}],"line":63},"1":{"loc":{"start":{"line":85,"column":13},"end":{"line":85,"column":118}},"type":"cond-expr","locations":[{"start":{"line":85,"column":28},"end":{"line":85,"column":107}},{"start":{"line":85,"column":112},"end":{"line":85,"column":117}}],"line":85},"2":{"loc":{"start":{"line":93,"column":11},"end":{"line":134,"column":18}},"type":"cond-expr","locations":[{"start":{"line":94,"column":12},"end":{"line":109,"column":18}},{"start":{"line":110,"column":14},"end":{"line":134,"column":18}}],"line":93},"3":{"loc":{"start":{"line":110,"column":14},"end":{"line":134,"column":18}},"type":"cond-expr","locations":[{"start":{"line":111,"column":12},"end":{"line":123,"column":18}},{"start":{"line":124,"column":14},"end":{"line":134,"column":18}}],"line":110},"4":{"loc":{"start":{"line":124,"column":14},"end":{"line":134,"column":18}},"type":"cond-expr","locations":[{"start":{"line":125,"column":12},"end":{"line":133,"column":18}},{"start":{"line":134,"column":14},"end":{"line":134,"column":18}}],"line":124},"5":{"loc":{"start":{"line":138,"column":7},"end":{"line":197,"column":7}},"type":"cond-expr","locations":[{"start":{"line":139,"column":8},"end":{"line":153,"column":14}},{"start":{"line":154,"column":10},"end":{"line":197,"column":7}}],"line":138},"6":{"loc":{"start":{"line":154,"column":10},"end":{"line":197,"column":7}},"type":"cond-expr","locations":[{"start":{"line":155,"column":8},"end":{"line":170,"column":14}},{"start":{"line":171,"column":10},"end":{"line":197,"column":7}}],"line":154},"7":{"loc":{"start":{"line":171,"column":10},"end":{"line":197,"column":7}},"type":"cond-expr","locations":[{"start":{"line":172,"column":8},"end":{"line":184,"column":14}},{"start":{"line":186,"column":8},"end":{"line":196,"column":14}}],"line":171}},"s":{"0":0,"1":0,"2":0,"3":0,"4":0,"5":0,"6":0,"7":0,"8":0,"9":0,"10":0,"11":0,"12":0,"13":0,"14":0,"15":0,"16":0,"17":0,"18":0,"19":0,"20":0,"21":0,"22":0,"23":0,"24":0,"25":0,"26":0,"27":0,"28":0,"29":0,"30":0},"f":{"0":0,"1":0,"2":0,"3":0,"4":0,"5":0,"6":0,"7":0},"b":{"0":[0,0],"1":[0,0],"2":[0,0],"3":[0,0],"4":[0,0],"5":[0,0],"6":[0,0],"7":[0,0]}}
,"C:\\Users\\jkurmapu\\OneDrive - Hitachi Vantara\\Desktop\\React Projects\\shopping-app\\src\\components\\IconFontSizes.js": {"path":"C:\\Users\\jkurmapu\\OneDrive - Hitachi Vantara\\Desktop\\React Projects\\shopping-app\\src\\components\\IconFontSizes.js","statementMap":{"0":{"start":{"line":4,"column":46},"end":{"line":4,"column":66}},"1":{"start":{"line":6,"column":29},"end":{"line":27,"column":3}},"2":{"start":{"line":7,"column":26},"end":{"line":7,"column":44}},"3":{"start":{"line":8,"column":4},"end":{"line":8,"column":37}},"4":{"start":{"line":11,"column":4},"end":{"line":26,"column":5}},"5":{"start":{"line":13,"column":8},"end":{"line":13,"column":29}},"6":{"start":{"line":14,"column":8},"end":{"line":14,"column":14}},"7":{"start":{"line":16,"column":8},"end":{"line":16,"column":29}},"8":{"start":{"line":17,"column":8},"end":{"line":17,"column":14}},"9":{"start":{"line":19,"column":8},"end":{"line":19,"column":29}},"10":{"start":{"line":20,"column":8},"end":{"line":20,"column":14}},"11":{"start":{"line":22,"column":8},"end":{"line":22,"column":29}},"12":{"start":{"line":23,"column":8},"end":{"line":23,"column":14}},"13":{"start":{"line":25,"column":8},"end":{"line":25,"column":14}},"14":{"start":{"line":29,"column":29},"end":{"line":31,"column":3}},"15":{"start":{"line":30,"column":4},"end":{"line":30,"column":41}},"16":{"start":{"line":33,"column":29},"end":{"line":35,"column":3}},"17":{"start":{"line":34,"column":4},"end":{"line":34,"column":41}},"18":{"start":{"line":37,"column":29},"end":{"line":39,"column":3}},"19":{"start":{"line":38,"column":4},"end":{"line":38,"column":41}},"20":{"start":{"line":41,"column":29},"end":{"line":43,"column":3}},"21":{"start":{"line":42,"column":4},"end":{"line":42,"column":41}},"22":{"start":{"line":45,"column":2},"end":{"line":54,"column":4}}},"fnMap":{"0":{"name":"IconFontSizes","decl":{"start":{"line":3,"column":9},"end":{"line":3,"column":22}},"loc":{"start":{"line":3,"column":25},"end":{"line":55,"column":1}},"line":3},"1":{"name":"(anonymous_1)","decl":{"start":{"line":6,"column":29},"end":{"line":6,"column":30}},"loc":{"start":{"line":6,"column":40},"end":{"line":27,"column":3}},"line":6},"2":{"name":"(anonymous_2)","decl":{"start":{"line":29,"column":29},"end":{"line":29,"column":30}},"loc":{"start":{"line":29,"column":35},"end":{"line":31,"column":3}},"line":29},"3":{"name":"(anonymous_3)","decl":{"start":{"line":33,"column":29},"end":{"line":33,"column":30}},"loc":{"start":{"line":33,"column":35},"end":{"line":35,"column":3}},"line":33},"4":{"name":"(anonymous_4)","decl":{"start":{"line":37,"column":29},"end":{"line":37,"column":30}},"loc":{"start":{"line":37,"column":35},"end":{"line":39,"column":3}},"line":37},"5":{"name":"(anonymous_5)","decl":{"start":{"line":41,"column":29},"end":{"line":41,"column":30}},"loc":{"start":{"line":41,"column":35},"end":{"line":43,"column":3}},"line":41}},"branchMap":{"0":{"loc":{"start":{"line":11,"column":4},"end":{"line":26,"column":5}},"type":"switch","locations":[{"start":{"line":12,"column":6},"end":{"line":14,"column":14}},{"start":{"line":15,"column":6},"end":{"line":17,"column":14}},{"start":{"line":18,"column":6},"end":{"line":20,"column":14}},{"start":{"line":21,"column":6},"end":{"line":23,"column":14}},{"start":{"line":24,"column":6},"end":{"line":25,"column":14}}],"line":11}},"s":{"0":0,"1":0,"2":0,"3":0,"4":0,"5":0,"6":0,"7":0,"8":0,"9":0,"10":0,"11":0,"12":0,"13":0,"14":0,"15":0,"16":0,"17":0,"18":0,"19":0,"20":0,"21":0,"22":0},"f":{"0":0,"1":0,"2":0,"3":0,"4":0,"5":0},"b":{"0":[0,0,0,0,0]}}
,"C:\\Users\\jkurmapu\\OneDrive - Hitachi Vantara\\Desktop\\React Projects\\shopping-app\\src\\components\\utils.js": {"path":"C:\\Users\\jkurmapu\\OneDrive - Hitachi Vantara\\Desktop\\React Projects\\shopping-app\\src\\components\\utils.js","statementMap":{"0":{"start":{"line":3,"column":24},"end":{"line":3,"column":62}},"1":{"start":{"line":5,"column":26},"end":{"line":11,"column":1}},"2":{"start":{"line":6,"column":2},"end":{"line":10,"column":3}},"3":{"start":{"line":7,"column":4},"end":{"line":7,"column":48}},"4":{"start":{"line":9,"column":4},"end":{"line":9,"column":14}}},"fnMap":{"0":{"name":"(anonymous_0)","decl":{"start":{"line":5,"column":26},"end":{"line":5,"column":27}},"loc":{"start":{"line":5,"column":38},"end":{"line":11,"column":1}},"line":5}},"branchMap":{},"s":{"0":1,"1":1,"2":0,"3":0,"4":0},"f":{"0":0},"b":{},"_coverageSchema":"1a1c01bbd47fc00a2c39e90264f33305004495a9","hash":"30e3a3e067a19a2ead7fdd658fe847f7165e737f"}
,"C:\\Users\\jkurmapu\\OneDrive - Hitachi Vantara\\Desktop\\React Projects\\shopping-app\\src\\components\\About\\About.js": {"path":"C:\\Users\\jkurmapu\\OneDrive - Hitachi Vantara\\Desktop\\React Projects\\shopping-app\\src\\components\\About\\About.js","statementMap":{"0":{"start":{"line":7,"column":2},"end":{"line":32,"column":4}},"1":{"start":{"line":35,"column":0},"end":{"line":40,"column":7}}},"fnMap":{"0":{"name":"About","decl":{"start":{"line":6,"column":24},"end":{"line":6,"column":29}},"loc":{"start":{"line":6,"column":32},"end":{"line":33,"column":1}},"line":6}},"branchMap":{},"s":{"0":0,"1":0},"f":{"0":0},"b":{}}
,"C:\\Users\\jkurmapu\\OneDrive - Hitachi Vantara\\Desktop\\React Projects\\shopping-app\\src\\components\\Authorization\\Logon.js": {"path":"C:\\Users\\jkurmapu\\OneDrive - Hitachi Vantara\\Desktop\\React Projects\\shopping-app\\src\\components\\Authorization\\Logon.js","statementMap":{"0":{"start":{"line":12,"column":14},"end":{"line":255,"column":1}},"1":{"start":{"line":13,"column":34},"end":{"line":13,"column":46}},"2":{"start":{"line":14,"column":34},"end":{"line":14,"column":46}},"3":{"start":{"line":15,"column":18},"end":{"line":15,"column":30}},"4":{"start":{"line":17,"column":2},"end":{"line":19,"column":9}},"5":{"start":{"line":18,"column":4},"end":{"line":18,"column":28}},"6":{"start":{"line":21,"column":32},"end":{"line":32,"column":3}},"7":{"start":{"line":22,"column":4},"end":{"line":31,"column":5}},"8":{"start":{"line":23,"column":23},"end":{"line":23,"column":74}},"9":{"start":{"line":24,"column":6},"end":{"line":24,"column":28}},"10":{"start":{"line":25,"column":30},"end":{"line":25,"column":93}},"11":{"start":{"line":25,"column":61},"end":{"line":25,"column":92}},"12":{"start":{"line":26,"column":6},"end":{"line":28,"column":7}},"13":{"start":{"line":27,"column":8},"end":{"line":27,"column":129}},"14":{"start":{"line":27,"column":56},"end":{"line":27,"column":126}},"15":{"start":{"line":30,"column":6},"end":{"line":30,"column":63}},"16":{"start":{"line":34,"column":31},"end":{"line":37,"column":3}},"17":{"start":{"line":35,"column":4},"end":{"line":35,"column":36}},"18":{"start":{"line":36,"column":4},"end":{"line":36,"column":32}},"19":{"start":{"line":39,"column":31},"end":{"line":41,"column":3}},"20":{"start":{"line":40,"column":4},"end":{"line":40,"column":32}},"21":{"start":{"line":43,"column":23},"end":{"line":190,"column":3}},"22":{"start":{"line":44,"column":4},"end":{"line":44,"column":23}},"23":{"start":{"line":46,"column":29},"end":{"line":49,"column":5}},"24":{"start":{"line":51,"column":4},"end":{"line":189,"column":9}},"25":{"start":{"line":53,"column":8},"end":{"line":53,"column":30}},"26":{"start":{"line":55,"column":8},"end":{"line":185,"column":13}},"27":{"start":{"line":56,"column":31},"end":{"line":56,"column":41}},"28":{"start":{"line":57,"column":10},"end":{"line":57,"column":36}},"29":{"start":{"line":58,"column":34},"end":{"line":58,"column":42}},"30":{"start":{"line":59,"column":23},"end":{"line":59,"column":85}},"31":{"start":{"line":59,"column":51},"end":{"line":59,"column":84}},"32":{"start":{"line":61,"column":10},"end":{"line":181,"column":11}},"33":{"start":{"line":62,"column":12},"end":{"line":73,"column":20}},"34":{"start":{"line":63,"column":14},"end":{"line":72,"column":17}},"35":{"start":{"line":74,"column":12},"end":{"line":74,"column":33}},"36":{"start":{"line":75,"column":12},"end":{"line":75,"column":35}},"37":{"start":{"line":76,"column":12},"end":{"line":76,"column":37}},"38":{"start":{"line":79,"column":12},"end":{"line":178,"column":13}},"39":{"start":{"line":80,"column":14},"end":{"line":162,"column":15}},"40":{"start":{"line":81,"column":16},"end":{"line":145,"column":17}},"41":{"start":{"line":82,"column":18},"end":{"line":82,"column":41}},"42":{"start":{"line":83,"column":18},"end":{"line":126,"column":19}},"43":{"start":{"line":84,"column":20},"end":{"line":95,"column":28}},"44":{"start":{"line":85,"column":22},"end":{"line":94,"column":25}},"45":{"start":{"line":96,"column":20},"end":{"line":96,"column":42}},"46":{"start":{"line":97,"column":20},"end":{"line":97,"column":42}},"47":{"start":{"line":98,"column":20},"end":{"line":98,"column":45}},"48":{"start":{"line":99,"column":20},"end":{"line":99,"column":45}},"49":{"start":{"line":101,"column":23},"end":{"line":126,"column":19}},"50":{"start":{"line":102,"column":20},"end":{"line":111,"column":23}},"51":{"start":{"line":112,"column":20},"end":{"line":112,"column":27}},"52":{"start":{"line":115,"column":20},"end":{"line":124,"column":23}},"53":{"start":{"line":125,"column":20},"end":{"line":125,"column":27}},"54":{"start":{"line":129,"column":18},"end":{"line":140,"column":26}},"55":{"start":{"line":130,"column":20},"end":{"line":139,"column":23}},"56":{"start":{"line":141,"column":18},"end":{"line":141,"column":40}},"57":{"start":{"line":142,"column":18},"end":{"line":142,"column":41}},"58":{"start":{"line":143,"column":18},"end":{"line":143,"column":42}},"59":{"start":{"line":144,"column":18},"end":{"line":144,"column":43}},"60":{"start":{"line":148,"column":16},"end":{"line":148,"column":38}},"61":{"start":{"line":149,"column":16},"end":{"line":149,"column":39}},"62":{"start":{"line":150,"column":16},"end":{"line":150,"column":41}},"63":{"start":{"line":151,"column":16},"end":{"line":160,"column":19}},"64":{"start":{"line":161,"column":16},"end":{"line":161,"column":23}},"65":{"start":{"line":164,"column":14},"end":{"line":173,"column":17}},"66":{"start":{"line":174,"column":14},"end":{"line":174,"column":36}},"67":{"start":{"line":175,"column":14},"end":{"line":175,"column":37}},"68":{"start":{"line":176,"column":14},"end":{"line":176,"column":39}},"69":{"start":{"line":177,"column":14},"end":{"line":177,"column":21}},"70":{"start":{"line":179,"column":12},"end":{"line":179,"column":28}},"71":{"start":{"line":180,"column":12},"end":{"line":180,"column":28}},"72":{"start":{"line":184,"column":12},"end":{"line":184,"column":49}},"73":{"start":{"line":188,"column":8},"end":{"line":188,"column":39}},"74":{"start":{"line":192,"column":2},"end":{"line":254,"column":4}}},"fnMap":{"0":{"name":"(anonymous_0)","decl":{"start":{"line":12,"column":14},"end":{"line":12,"column":15}},"loc":{"start":{"line":12,"column":107},"end":{"line":255,"column":1}},"line":12},"1":{"name":"(anonymous_1)","decl":{"start":{"line":17,"column":12},"end":{"line":17,"column":13}},"loc":{"start":{"line":17,"column":18},"end":{"line":19,"column":3}},"line":17},"2":{"name":"(anonymous_2)","decl":{"start":{"line":21,"column":32},"end":{"line":21,"column":33}},"loc":{"start":{"line":21,"column":44},"end":{"line":32,"column":3}},"line":21},"3":{"name":"(anonymous_3)","decl":{"start":{"line":25,"column":51},"end":{"line":25,"column":52}},"loc":{"start":{"line":25,"column":61},"end":{"line":25,"column":92}},"line":25},"4":{"name":"(anonymous_4)","decl":{"start":{"line":27,"column":46},"end":{"line":27,"column":47}},"loc":{"start":{"line":27,"column":56},"end":{"line":27,"column":126}},"line":27},"5":{"name":"(anonymous_5)","decl":{"start":{"line":34,"column":31},"end":{"line":34,"column":32}},"loc":{"start":{"line":34,"column":38},"end":{"line":37,"column":3}},"line":34},"6":{"name":"(anonymous_6)","decl":{"start":{"line":39,"column":31},"end":{"line":39,"column":32}},"loc":{"start":{"line":39,"column":38},"end":{"line":41,"column":3}},"line":39},"7":{"name":"(anonymous_7)","decl":{"start":{"line":43,"column":23},"end":{"line":43,"column":24}},"loc":{"start":{"line":43,"column":30},"end":{"line":190,"column":3}},"line":43},"8":{"name":"(anonymous_8)","decl":{"start":{"line":52,"column":12},"end":{"line":52,"column":13}},"loc":{"start":{"line":52,"column":24},"end":{"line":186,"column":7}},"line":52},"9":{"name":"(anonymous_9)","decl":{"start":{"line":55,"column":59},"end":{"line":55,"column":60}},"loc":{"start":{"line":55,"column":70},"end":{"line":182,"column":9}},"line":55},"10":{"name":"(anonymous_10)","decl":{"start":{"line":59,"column":41},"end":{"line":59,"column":42}},"loc":{"start":{"line":59,"column":51},"end":{"line":59,"column":84}},"line":59},"11":{"name":"(anonymous_11)","decl":{"start":{"line":62,"column":23},"end":{"line":62,"column":24}},"loc":{"start":{"line":62,"column":29},"end":{"line":73,"column":13}},"line":62},"12":{"name":"(anonymous_12)","decl":{"start":{"line":84,"column":31},"end":{"line":84,"column":32}},"loc":{"start":{"line":84,"column":37},"end":{"line":95,"column":21}},"line":84},"13":{"name":"(anonymous_13)","decl":{"start":{"line":129,"column":29},"end":{"line":129,"column":30}},"loc":{"start":{"line":129,"column":35},"end":{"line":140,"column":19}},"line":129},"14":{"name":"(anonymous_14)","decl":{"start":{"line":183,"column":17},"end":{"line":183,"column":18}},"loc":{"start":{"line":183,"column":28},"end":{"line":185,"column":11}},"line":183},"15":{"name":"(anonymous_15)","decl":{"start":{"line":187,"column":13},"end":{"line":187,"column":14}},"loc":{"start":{"line":187,"column":22},"end":{"line":189,"column":7}},"line":187}},"branchMap":{"0":{"loc":{"start":{"line":26,"column":6},"end":{"line":28,"column":7}},"type":"if","locations":[{"start":{"line":26,"column":6},"end":{"line":28,"column":7}},{"start":{},"end":{}}],"line":26},"1":{"loc":{"start":{"line":61,"column":10},"end":{"line":181,"column":11}},"type":"if","locations":[{"start":{"line":61,"column":10},"end":{"line":181,"column":11}},{"start":{"line":78,"column":15},"end":{"line":181,"column":11}}],"line":61},"2":{"loc":{"start":{"line":79,"column":12},"end":{"line":178,"column":13}},"type":"if","locations":[{"start":{"line":79,"column":12},"end":{"line":178,"column":13}},{"start":{"line":163,"column":19},"end":{"line":178,"column":13}}],"line":79},"3":{"loc":{"start":{"line":80,"column":14},"end":{"line":162,"column":15}},"type":"if","locations":[{"start":{"line":80,"column":14},"end":{"line":162,"column":15}},{"start":{"line":147,"column":21},"end":{"line":162,"column":15}}],"line":80},"4":{"loc":{"start":{"line":81,"column":16},"end":{"line":145,"column":17}},"type":"if","locations":[{"start":{"line":81,"column":16},"end":{"line":145,"column":17}},{"start":{"line":128,"column":21},"end":{"line":145,"column":17}}],"line":81},"5":{"loc":{"start":{"line":83,"column":18},"end":{"line":126,"column":19}},"type":"if","locations":[{"start":{"line":83,"column":18},"end":{"line":126,"column":19}},{"start":{"line":101,"column":23},"end":{"line":126,"column":19}}],"line":83},"6":{"loc":{"start":{"line":101,"column":23},"end":{"line":126,"column":19}},"type":"if","locations":[{"start":{"line":101,"column":23},"end":{"line":126,"column":19}},{"start":{"line":114,"column":23},"end":{"line":126,"column":19}}],"line":101}},"s":{"0":0,"1":0,"2":0,"3":0,"4":0,"5":0,"6":0,"7":0,"8":0,"9":0,"10":0,"11":0,"12":0,"13":0,"14":0,"15":0,"16":0,"17":0,"18":0,"19":0,"20":0,"21":0,"22":0,"23":0,"24":0,"25":0,"26":0,"27":0,"28":0,"29":0,"30":0,"31":0,"32":0,"33":0,"34":0,"35":0,"36":0,"37":0,"38":0,"39":0,"40":0,"41":0,"42":0,"43":0,"44":0,"45":0,"46":0,"47":0,"48":0,"49":0,"50":0,"51":0,"52":0,"53":0,"54":0,"55":0,"56":0,"57":0,"58":0,"59":0,"60":0,"61":0,"62":0,"63":0,"64":0,"65":0,"66":0,"67":0,"68":0,"69":0,"70":0,"71":0,"72":0,"73":0,"74":0},"f":{"0":0,"1":0,"2":0,"3":0,"4":0,"5":0,"6":0,"7":0,"8":0,"9":0,"10":0,"11":0,"12":0,"13":0,"14":0,"15":0},"b":{"0":[0,0],"1":[0,0],"2":[0,0],"3":[0,0],"4":[0,0],"5":[0,0],"6":[0,0]}}
,"C:\\Users\\jkurmapu\\OneDrive - Hitachi Vantara\\Desktop\\React Projects\\shopping-app\\src\\components\\Authorization\\Signup.js": {"path":"C:\\Users\\jkurmapu\\OneDrive - Hitachi Vantara\\Desktop\\React Projects\\shopping-app\\src\\components\\Authorization\\Signup.js","statementMap":{"0":{"start":{"line":16,"column":15},"end":{"line":489,"column":1}},"1":{"start":{"line":17,"column":34},"end":{"line":17,"column":46}},"2":{"start":{"line":18,"column":34},"end":{"line":18,"column":46}},"3":{"start":{"line":19,"column":48},"end":{"line":19,"column":60}},"4":{"start":{"line":20,"column":28},"end":{"line":20,"column":40}},"5":{"start":{"line":21,"column":30},"end":{"line":21,"column":42}},"6":{"start":{"line":22,"column":30},"end":{"line":22,"column":42}},"7":{"start":{"line":23,"column":26},"end":{"line":23,"column":41}},"8":{"start":{"line":24,"column":34},"end":{"line":24,"column":49}},"9":{"start":{"line":25,"column":24},"end":{"line":25,"column":36}},"10":{"start":{"line":26,"column":18},"end":{"line":26,"column":30}},"11":{"start":{"line":27,"column":20},"end":{"line":27,"column":21}},"12":{"start":{"line":29,"column":24},"end":{"line":32,"column":3}},"13":{"start":{"line":30,"column":16},"end":{"line":30,"column":86}},"14":{"start":{"line":31,"column":4},"end":{"line":31,"column":29}},"15":{"start":{"line":34,"column":25},"end":{"line":36,"column":3}},"16":{"start":{"line":35,"column":4},"end":{"line":35,"column":33}},"17":{"start":{"line":38,"column":24},"end":{"line":104,"column":3}},"18":{"start":{"line":39,"column":4},"end":{"line":102,"column":5}},"19":{"start":{"line":40,"column":6},"end":{"line":49,"column":9}},"20":{"start":{"line":50,"column":6},"end":{"line":50,"column":13}},"21":{"start":{"line":53,"column":27},"end":{"line":56,"column":7}},"22":{"start":{"line":58,"column":6},"end":{"line":101,"column":11}},"23":{"start":{"line":59,"column":8},"end":{"line":97,"column":9}},"24":{"start":{"line":60,"column":10},"end":{"line":82,"column":19}},"25":{"start":{"line":61,"column":12},"end":{"line":70,"column":15}},"26":{"start":{"line":71,"column":12},"end":{"line":80,"column":15}},"27":{"start":{"line":81,"column":12},"end":{"line":81,"column":19}},"28":{"start":{"line":83,"column":10},"end":{"line":83,"column":37}},"29":{"start":{"line":85,"column":13},"end":{"line":97,"column":9}},"30":{"start":{"line":86,"column":10},"end":{"line":95,"column":13}},"31":{"start":{"line":96,"column":10},"end":{"line":96,"column":17}},"32":{"start":{"line":100,"column":10},"end":{"line":100,"column":41}},"33":{"start":{"line":103,"column":4},"end":{"line":103,"column":15}},"34":{"start":{"line":106,"column":15},"end":{"line":155,"column":3}},"35":{"start":{"line":107,"column":23},"end":{"line":113,"column":5}},"36":{"start":{"line":115,"column":4},"end":{"line":146,"column":9}},"37":{"start":{"line":117,"column":26},"end":{"line":119,"column":9}},"38":{"start":{"line":121,"column":8},"end":{"line":121,"column":25}},"39":{"start":{"line":122,"column":8},"end":{"line":142,"column":16}},"40":{"start":{"line":123,"column":10},"end":{"line":141,"column":15}},"41":{"start":{"line":125,"column":14},"end":{"line":137,"column":22}},"42":{"start":{"line":126,"column":16},"end":{"line":135,"column":19}},"43":{"start":{"line":136,"column":16},"end":{"line":136,"column":23}},"44":{"start":{"line":140,"column":14},"end":{"line":140,"column":48}},"45":{"start":{"line":145,"column":8},"end":{"line":145,"column":39}},"46":{"start":{"line":148,"column":4},"end":{"line":148,"column":20}},"47":{"start":{"line":149,"column":4},"end":{"line":149,"column":20}},"48":{"start":{"line":150,"column":4},"end":{"line":150,"column":17}},"49":{"start":{"line":151,"column":4},"end":{"line":151,"column":27}},"50":{"start":{"line":152,"column":4},"end":{"line":152,"column":18}},"51":{"start":{"line":153,"column":4},"end":{"line":153,"column":18}},"52":{"start":{"line":157,"column":23},"end":{"line":330,"column":3}},"53":{"start":{"line":158,"column":4},"end":{"line":158,"column":27}},"54":{"start":{"line":159,"column":4},"end":{"line":329,"column":9}},"55":{"start":{"line":160,"column":27},"end":{"line":160,"column":37}},"56":{"start":{"line":161,"column":30},"end":{"line":161,"column":38}},"57":{"start":{"line":162,"column":27},"end":{"line":162,"column":32}},"58":{"start":{"line":163,"column":28},"end":{"line":163,"column":34}},"59":{"start":{"line":165,"column":22},"end":{"line":165,"column":84}},"60":{"start":{"line":165,"column":50},"end":{"line":165,"column":83}},"61":{"start":{"line":166,"column":32},"end":{"line":166,"column":88}},"62":{"start":{"line":166,"column":60},"end":{"line":166,"column":87}},"63":{"start":{"line":167,"column":33},"end":{"line":167,"column":99}},"64":{"start":{"line":167,"column":61},"end":{"line":167,"column":98}},"65":{"start":{"line":169,"column":6},"end":{"line":181,"column":7}},"66":{"start":{"line":170,"column":8},"end":{"line":179,"column":11}},"67":{"start":{"line":180,"column":8},"end":{"line":180,"column":15}},"68":{"start":{"line":182,"column":6},"end":{"line":194,"column":7}},"69":{"start":{"line":183,"column":8},"end":{"line":192,"column":11}},"70":{"start":{"line":193,"column":8},"end":{"line":193,"column":15}},"71":{"start":{"line":196,"column":6},"end":{"line":208,"column":7}},"72":{"start":{"line":197,"column":8},"end":{"line":206,"column":11}},"73":{"start":{"line":207,"column":8},"end":{"line":207,"column":15}},"74":{"start":{"line":210,"column":6},"end":{"line":222,"column":7}},"75":{"start":{"line":211,"column":8},"end":{"line":220,"column":11}},"76":{"start":{"line":221,"column":8},"end":{"line":221,"column":15}},"77":{"start":{"line":224,"column":6},"end":{"line":236,"column":7}},"78":{"start":{"line":225,"column":8},"end":{"line":234,"column":11}},"79":{"start":{"line":235,"column":8},"end":{"line":235,"column":15}},"80":{"start":{"line":238,"column":6},"end":{"line":251,"column":7}},"81":{"start":{"line":240,"column":8},"end":{"line":249,"column":11}},"82":{"start":{"line":250,"column":8},"end":{"line":250,"column":15}},"83":{"start":{"line":253,"column":6},"end":{"line":265,"column":7}},"84":{"start":{"line":254,"column":8},"end":{"line":263,"column":11}},"85":{"start":{"line":264,"column":8},"end":{"line":264,"column":15}},"86":{"start":{"line":267,"column":6},"end":{"line":279,"column":7}},"87":{"start":{"line":268,"column":8},"end":{"line":277,"column":11}},"88":{"start":{"line":278,"column":8},"end":{"line":278,"column":15}},"89":{"start":{"line":281,"column":6},"end":{"line":294,"column":7}},"90":{"start":{"line":282,"column":8},"end":{"line":282,"column":24}},"91":{"start":{"line":283,"column":8},"end":{"line":292,"column":11}},"92":{"start":{"line":293,"column":8},"end":{"line":293,"column":15}},"93":{"start":{"line":295,"column":6},"end":{"line":308,"column":7}},"94":{"start":{"line":296,"column":8},"end":{"line":296,"column":21}},"95":{"start":{"line":297,"column":8},"end":{"line":306,"column":11}},"96":{"start":{"line":307,"column":8},"end":{"line":307,"column":15}},"97":{"start":{"line":309,"column":6},"end":{"line":322,"column":7}},"98":{"start":{"line":310,"column":8},"end":{"line":310,"column":22}},"99":{"start":{"line":311,"column":8},"end":{"line":320,"column":11}},"100":{"start":{"line":321,"column":8},"end":{"line":321,"column":15}},"101":{"start":{"line":324,"column":6},"end":{"line":324,"column":13}},"102":{"start":{"line":328,"column":8},"end":{"line":328,"column":45}},"103":{"start":{"line":332,"column":2},"end":{"line":488,"column":4}},"104":{"start":{"line":349,"column":39},"end":{"line":349,"column":61}},"105":{"start":{"line":382,"column":37},"end":{"line":382,"column":64}},"106":{"start":{"line":398,"column":39},"end":{"line":398,"column":66}},"107":{"start":{"line":429,"column":37},"end":{"line":429,"column":71}},"108":{"start":{"line":439,"column":37},"end":{"line":439,"column":61}},"109":{"start":{"line":451,"column":37},"end":{"line":451,"column":62}},"110":{"start":{"line":461,"column":37},"end":{"line":461,"column":66}}},"fnMap":{"0":{"name":"(anonymous_0)","decl":{"start":{"line":16,"column":15},"end":{"line":16,"column":16}},"loc":{"start":{"line":16,"column":21},"end":{"line":489,"column":1}},"line":16},"1":{"name":"(anonymous_1)","decl":{"start":{"line":29,"column":24},"end":{"line":29,"column":25}},"loc":{"start":{"line":29,"column":35},"end":{"line":32,"column":3}},"line":29},"2":{"name":"(anonymous_2)","decl":{"start":{"line":34,"column":25},"end":{"line":34,"column":26}},"loc":{"start":{"line":34,"column":37},"end":{"line":36,"column":3}},"line":34},"3":{"name":"(anonymous_3)","decl":{"start":{"line":38,"column":24},"end":{"line":38,"column":25}},"loc":{"start":{"line":38,"column":35},"end":{"line":104,"column":3}},"line":38},"4":{"name":"(anonymous_4)","decl":{"start":{"line":58,"column":75},"end":{"line":58,"column":76}},"loc":{"start":{"line":58,"column":87},"end":{"line":98,"column":7}},"line":58},"5":{"name":"(anonymous_5)","decl":{"start":{"line":60,"column":21},"end":{"line":60,"column":22}},"loc":{"start":{"line":60,"column":27},"end":{"line":82,"column":11}},"line":60},"6":{"name":"(anonymous_6)","decl":{"start":{"line":99,"column":15},"end":{"line":99,"column":16}},"loc":{"start":{"line":99,"column":24},"end":{"line":101,"column":9}},"line":99},"7":{"name":"(anonymous_7)","decl":{"start":{"line":106,"column":15},"end":{"line":106,"column":16}},"loc":{"start":{"line":106,"column":21},"end":{"line":155,"column":3}},"line":106},"8":{"name":"(anonymous_8)","decl":{"start":{"line":116,"column":12},"end":{"line":116,"column":13}},"loc":{"start":{"line":116,"column":24},"end":{"line":143,"column":7}},"line":116},"9":{"name":"(anonymous_9)","decl":{"start":{"line":122,"column":19},"end":{"line":122,"column":20}},"loc":{"start":{"line":122,"column":25},"end":{"line":142,"column":9}},"line":122},"10":{"name":"(anonymous_10)","decl":{"start":{"line":124,"column":18},"end":{"line":124,"column":19}},"loc":{"start":{"line":124,"column":30},"end":{"line":138,"column":13}},"line":124},"11":{"name":"(anonymous_11)","decl":{"start":{"line":125,"column":25},"end":{"line":125,"column":26}},"loc":{"start":{"line":125,"column":31},"end":{"line":137,"column":15}},"line":125},"12":{"name":"(anonymous_12)","decl":{"start":{"line":139,"column":19},"end":{"line":139,"column":20}},"loc":{"start":{"line":139,"column":28},"end":{"line":141,"column":13}},"line":139},"13":{"name":"(anonymous_13)","decl":{"start":{"line":144,"column":13},"end":{"line":144,"column":14}},"loc":{"start":{"line":144,"column":22},"end":{"line":146,"column":7}},"line":144},"14":{"name":"(anonymous_14)","decl":{"start":{"line":157,"column":23},"end":{"line":157,"column":24}},"loc":{"start":{"line":157,"column":34},"end":{"line":330,"column":3}},"line":157},"15":{"name":"(anonymous_15)","decl":{"start":{"line":159,"column":55},"end":{"line":159,"column":56}},"loc":{"start":{"line":159,"column":66},"end":{"line":326,"column":5}},"line":159},"16":{"name":"(anonymous_16)","decl":{"start":{"line":165,"column":40},"end":{"line":165,"column":41}},"loc":{"start":{"line":165,"column":50},"end":{"line":165,"column":83}},"line":165},"17":{"name":"(anonymous_17)","decl":{"start":{"line":166,"column":50},"end":{"line":166,"column":51}},"loc":{"start":{"line":166,"column":60},"end":{"line":166,"column":87}},"line":166},"18":{"name":"(anonymous_18)","decl":{"start":{"line":167,"column":51},"end":{"line":167,"column":52}},"loc":{"start":{"line":167,"column":61},"end":{"line":167,"column":98}},"line":167},"19":{"name":"(anonymous_19)","decl":{"start":{"line":327,"column":13},"end":{"line":327,"column":14}},"loc":{"start":{"line":327,"column":24},"end":{"line":329,"column":7}},"line":327},"20":{"name":"(anonymous_20)","decl":{"start":{"line":349,"column":32},"end":{"line":349,"column":33}},"loc":{"start":{"line":349,"column":39},"end":{"line":349,"column":61}},"line":349},"21":{"name":"(anonymous_21)","decl":{"start":{"line":382,"column":30},"end":{"line":382,"column":31}},"loc":{"start":{"line":382,"column":37},"end":{"line":382,"column":64}},"line":382},"22":{"name":"(anonymous_22)","decl":{"start":{"line":398,"column":32},"end":{"line":398,"column":33}},"loc":{"start":{"line":398,"column":39},"end":{"line":398,"column":66}},"line":398},"23":{"name":"(anonymous_23)","decl":{"start":{"line":429,"column":30},"end":{"line":429,"column":31}},"loc":{"start":{"line":429,"column":37},"end":{"line":429,"column":71}},"line":429},"24":{"name":"(anonymous_24)","decl":{"start":{"line":439,"column":30},"end":{"line":439,"column":31}},"loc":{"start":{"line":439,"column":37},"end":{"line":439,"column":61}},"line":439},"25":{"name":"(anonymous_25)","decl":{"start":{"line":451,"column":30},"end":{"line":451,"column":31}},"loc":{"start":{"line":451,"column":37},"end":{"line":451,"column":62}},"line":451},"26":{"name":"(anonymous_26)","decl":{"start":{"line":461,"column":30},"end":{"line":461,"column":31}},"loc":{"start":{"line":461,"column":37},"end":{"line":461,"column":66}},"line":461}},"branchMap":{"0":{"loc":{"start":{"line":39,"column":4},"end":{"line":102,"column":5}},"type":"if","locations":[{"start":{"line":39,"column":4},"end":{"line":102,"column":5}},{"start":{"line":52,"column":9},"end":{"line":102,"column":5}}],"line":39},"1":{"loc":{"start":{"line":59,"column":8},"end":{"line":97,"column":9}},"type":"if","locations":[{"start":{"line":59,"column":8},"end":{"line":97,"column":9}},{"start":{"line":85,"column":13},"end":{"line":97,"column":9}}],"line":59},"2":{"loc":{"start":{"line":85,"column":13},"end":{"line":97,"column":9}},"type":"if","locations":[{"start":{"line":85,"column":13},"end":{"line":97,"column":9}},{"start":{},"end":{}}],"line":85},"3":{"loc":{"start":{"line":169,"column":6},"end":{"line":181,"column":7}},"type":"if","locations":[{"start":{"line":169,"column":6},"end":{"line":181,"column":7}},{"start":{},"end":{}}],"line":169},"4":{"loc":{"start":{"line":182,"column":6},"end":{"line":194,"column":7}},"type":"if","locations":[{"start":{"line":182,"column":6},"end":{"line":194,"column":7}},{"start":{},"end":{}}],"line":182},"5":{"loc":{"start":{"line":196,"column":6},"end":{"line":208,"column":7}},"type":"if","locations":[{"start":{"line":196,"column":6},"end":{"line":208,"column":7}},{"start":{},"end":{}}],"line":196},"6":{"loc":{"start":{"line":210,"column":6},"end":{"line":222,"column":7}},"type":"if","locations":[{"start":{"line":210,"column":6},"end":{"line":222,"column":7}},{"start":{},"end":{}}],"line":210},"7":{"loc":{"start":{"line":224,"column":6},"end":{"line":236,"column":7}},"type":"if","locations":[{"start":{"line":224,"column":6},"end":{"line":236,"column":7}},{"start":{},"end":{}}],"line":224},"8":{"loc":{"start":{"line":238,"column":6},"end":{"line":251,"column":7}},"type":"if","locations":[{"start":{"line":238,"column":6},"end":{"line":251,"column":7}},{"start":{"line":239,"column":13},"end":{"line":251,"column":7}}],"line":238},"9":{"loc":{"start":{"line":253,"column":6},"end":{"line":265,"column":7}},"type":"if","locations":[{"start":{"line":253,"column":6},"end":{"line":265,"column":7}},{"start":{},"end":{}}],"line":253},"10":{"loc":{"start":{"line":267,"column":6},"end":{"line":279,"column":7}},"type":"if","locations":[{"start":{"line":267,"column":6},"end":{"line":279,"column":7}},{"start":{},"end":{}}],"line":267},"11":{"loc":{"start":{"line":267,"column":12},"end":{"line":267,"column":72}},"type":"binary-expr","locations":[{"start":{"line":267,"column":12},"end":{"line":267,"column":34}},{"start":{"line":267,"column":38},"end":{"line":267,"column":72}}],"line":267},"12":{"loc":{"start":{"line":281,"column":6},"end":{"line":294,"column":7}},"type":"if","locations":[{"start":{"line":281,"column":6},"end":{"line":294,"column":7}},{"start":{},"end":{}}],"line":281},"13":{"loc":{"start":{"line":295,"column":6},"end":{"line":308,"column":7}},"type":"if","locations":[{"start":{"line":295,"column":6},"end":{"line":308,"column":7}},{"start":{},"end":{}}],"line":295},"14":{"loc":{"start":{"line":309,"column":6},"end":{"line":322,"column":7}},"type":"if","locations":[{"start":{"line":309,"column":6},"end":{"line":322,"column":7}},{"start":{},"end":{}}],"line":309},"15":{"loc":{"start":{"line":334,"column":7},"end":{"line":484,"column":7}},"type":"cond-expr","locations":[{"start":{"line":335,"column":8},"end":{"line":367,"column":11}},{"start":{"line":369,"column":8},"end":{"line":483,"column":14}}],"line":334},"16":{"loc":{"start":{"line":414,"column":23},"end":{"line":414,"column":58}},"type":"binary-expr","locations":[{"start":{"line":414,"column":23},"end":{"line":414,"column":43}},{"start":{"line":414,"column":47},"end":{"line":414,"column":58}}],"line":414},"17":{"loc":{"start":{"line":415,"column":23},"end":{"line":415,"column":76}},"type":"binary-expr","locations":[{"start":{"line":415,"column":23},"end":{"line":415,"column":43}},{"start":{"line":415,"column":47},"end":{"line":415,"column":66}},{"start":{"line":415,"column":70},"end":{"line":415,"column":76}}],"line":415},"18":{"loc":{"start":{"line":416,"column":23},"end":{"line":416,"column":78}},"type":"binary-expr","locations":[{"start":{"line":416,"column":23},"end":{"line":416,"column":43}},{"start":{"line":416,"column":47},"end":{"line":416,"column":66}},{"start":{"line":416,"column":70},"end":{"line":416,"column":78}}],"line":416},"19":{"loc":{"start":{"line":417,"column":23},"end":{"line":417,"column":60}},"type":"binary-expr","locations":[{"start":{"line":417,"column":23},"end":{"line":417,"column":43}},{"start":{"line":417,"column":47},"end":{"line":417,"column":60}}],"line":417}},"s":{"0":0,"1":0,"2":0,"3":0,"4":0,"5":0,"6":0,"7":0,"8":0,"9":0,"10":0,"11":0,"12":0,"13":0,"14":0,"15":0,"16":0,"17":0,"18":0,"19":0,"20":0,"21":0,"22":0,"23":0,"24":0,"25":0,"26":0,"27":0,"28":0,"29":0,"30":0,"31":0,"32":0,"33":0,"34":0,"35":0,"36":0,"37":0,"38":0,"39":0,"40":0,"41":0,"42":0,"43":0,"44":0,"45":0,"46":0,"47":0,"48":0,"49":0,"50":0,"51":0,"52":0,"53":0,"54":0,"55":0,"56":0,"57":0,"58":0,"59":0,"60":0,"61":0,"62":0,"63":0,"64":0,"65":0,"66":0,"67":0,"68":0,"69":0,"70":0,"71":0,"72":0,"73":0,"74":0,"75":0,"76":0,"77":0,"78":0,"79":0,"80":0,"81":0,"82":0,"83":0,"84":0,"85":0,"86":0,"87":0,"88":0,"89":0,"90":0,"91":0,"92":0,"93":0,"94":0,"95":0,"96":0,"97":0,"98":0,"99":0,"100":0,"101":0,"102":0,"103":0,"104":0,"105":0,"106":0,"107":0,"108":0,"109":0,"110":0},"f":{"0":0,"1":0,"2":0,"3":0,"4":0,"5":0,"6":0,"7":0,"8":0,"9":0,"10":0,"11":0,"12":0,"13":0,"14":0,"15":0,"16":0,"17":0,"18":0,"19":0,"20":0,"21":0,"22":0,"23":0,"24":0,"25":0,"26":0},"b":{"0":[0,0],"1":[0,0],"2":[0,0],"3":[0,0],"4":[0,0],"5":[0,0],"6":[0,0],"7":[0,0],"8":[0,0],"9":[0,0],"10":[0,0],"11":[0,0],"12":[0,0],"13":[0,0],"14":[0,0],"15":[0,0],"16":[0,0],"17":[0,0,0],"18":[0,0,0],"19":[0,0]}}
,"C:\\Users\\jkurmapu\\OneDrive - Hitachi Vantara\\Desktop\\React Projects\\shopping-app\\src\\components\\Cart\\Cart.js": {"path":"C:\\Users\\jkurmapu\\OneDrive - Hitachi Vantara\\Desktop\\React Projects\\shopping-app\\src\\components\\Cart\\Cart.js","statementMap":{"0":{"start":{"line":13,"column":13},"end":{"line":249,"column":1}},"1":{"start":{"line":14,"column":34},"end":{"line":14,"column":46}},"2":{"start":{"line":15,"column":28},"end":{"line":15,"column":39}},"3":{"start":{"line":16,"column":36},"end":{"line":16,"column":51}},"4":{"start":{"line":17,"column":18},"end":{"line":17,"column":30}},"5":{"start":{"line":19,"column":2},"end":{"line":22,"column":9}},"6":{"start":{"line":20,"column":4},"end":{"line":20,"column":20}},"7":{"start":{"line":21,"column":4},"end":{"line":21,"column":21}},"8":{"start":{"line":24,"column":30},"end":{"line":32,"column":3}},"9":{"start":{"line":25,"column":4},"end":{"line":25,"column":23}},"10":{"start":{"line":27,"column":4},"end":{"line":31,"column":13}},"11":{"start":{"line":28,"column":6},"end":{"line":28,"column":26}},"12":{"start":{"line":30,"column":6},"end":{"line":30,"column":32}},"13":{"start":{"line":34,"column":25},"end":{"line":53,"column":3}},"14":{"start":{"line":35,"column":4},"end":{"line":52,"column":7}},"15":{"start":{"line":36,"column":27},"end":{"line":36,"column":40}},"16":{"start":{"line":37,"column":6},"end":{"line":45,"column":9}},"17":{"start":{"line":38,"column":8},"end":{"line":40,"column":9}},"18":{"start":{"line":39,"column":10},"end":{"line":39,"column":20}},"19":{"start":{"line":41,"column":8},"end":{"line":43,"column":9}},"20":{"start":{"line":42,"column":10},"end":{"line":42,"column":19}},"21":{"start":{"line":44,"column":8},"end":{"line":44,"column":17}},"22":{"start":{"line":46,"column":6},"end":{"line":46,"column":32}},"23":{"start":{"line":47,"column":23},"end":{"line":47,"column":82}},"24":{"start":{"line":47,"column":51},"end":{"line":47,"column":81}},"25":{"start":{"line":48,"column":31},"end":{"line":48,"column":56}},"26":{"start":{"line":49,"column":6},"end":{"line":49,"column":36}},"27":{"start":{"line":51,"column":6},"end":{"line":51,"column":43}},"28":{"start":{"line":55,"column":24},"end":{"line":55,"column":78}},"29":{"start":{"line":55,"column":55},"end":{"line":55,"column":74}},"30":{"start":{"line":56,"column":2},"end":{"line":56,"column":30}},"31":{"start":{"line":58,"column":26},"end":{"line":106,"column":3}},"32":{"start":{"line":59,"column":29},"end":{"line":59,"column":31}},"33":{"start":{"line":62,"column":4},"end":{"line":72,"column":5}},"34":{"start":{"line":63,"column":35},"end":{"line":63,"column":101}},"35":{"start":{"line":63,"column":67},"end":{"line":63,"column":100}},"36":{"start":{"line":64,"column":6},"end":{"line":71,"column":7}},"37":{"start":{"line":66,"column":8},"end":{"line":66,"column":58}},"38":{"start":{"line":67,"column":8},"end":{"line":67,"column":80}},"39":{"start":{"line":70,"column":8},"end":{"line":70,"column":91}},"40":{"start":{"line":74,"column":4},"end":{"line":103,"column":5}},"41":{"start":{"line":76,"column":30},"end":{"line":76,"column":83}},"42":{"start":{"line":77,"column":26},"end":{"line":77,"column":46}},"43":{"start":{"line":80,"column":6},"end":{"line":94,"column":7}},"44":{"start":{"line":80,"column":19},"end":{"line":80,"column":20}},"45":{"start":{"line":81,"column":24},"end":{"line":81,"column":43}},"46":{"start":{"line":82,"column":31},"end":{"line":82,"column":88}},"47":{"start":{"line":82,"column":53},"end":{"line":82,"column":87}},"48":{"start":{"line":84,"column":8},"end":{"line":93,"column":9}},"49":{"start":{"line":86,"column":10},"end":{"line":86,"column":40}},"50":{"start":{"line":87,"column":10},"end":{"line":87,"column":14}},"51":{"start":{"line":88,"column":15},"end":{"line":93,"column":9}},"52":{"start":{"line":90,"column":10},"end":{"line":90,"column":73}},"53":{"start":{"line":92,"column":10},"end":{"line":92,"column":100}},"54":{"start":{"line":97,"column":6},"end":{"line":97,"column":36}},"55":{"start":{"line":98,"column":6},"end":{"line":98,"column":36}},"56":{"start":{"line":99,"column":25},"end":{"line":99,"column":87}},"57":{"start":{"line":99,"column":64},"end":{"line":99,"column":83}},"58":{"start":{"line":100,"column":6},"end":{"line":100,"column":27}},"59":{"start":{"line":102,"column":6},"end":{"line":102,"column":43}},"60":{"start":{"line":105,"column":4},"end":{"line":105,"column":28}},"61":{"start":{"line":108,"column":22},"end":{"line":116,"column":3}},"62":{"start":{"line":109,"column":4},"end":{"line":115,"column":9}},"63":{"start":{"line":110,"column":6},"end":{"line":110,"column":33}},"64":{"start":{"line":111,"column":6},"end":{"line":111,"column":23}},"65":{"start":{"line":114,"column":8},"end":{"line":114,"column":45}},"66":{"start":{"line":118,"column":23},"end":{"line":138,"column":3}},"67":{"start":{"line":119,"column":4},"end":{"line":137,"column":7}},"68":{"start":{"line":120,"column":27},"end":{"line":120,"column":40}},"69":{"start":{"line":121,"column":23},"end":{"line":121,"column":82}},"70":{"start":{"line":121,"column":51},"end":{"line":121,"column":81}},"71":{"start":{"line":122,"column":27},"end":{"line":122,"column":77}},"72":{"start":{"line":122,"column":51},"end":{"line":122,"column":76}},"73":{"start":{"line":124,"column":6},"end":{"line":134,"column":9}},"74":{"start":{"line":125,"column":8},"end":{"line":133,"column":13}},"75":{"start":{"line":127,"column":12},"end":{"line":127,"column":39}},"76":{"start":{"line":129,"column":12},"end":{"line":129,"column":29}},"77":{"start":{"line":132,"column":12},"end":{"line":132,"column":49}},"78":{"start":{"line":136,"column":6},"end":{"line":136,"column":43}},"79":{"start":{"line":140,"column":23},"end":{"line":157,"column":3}},"80":{"start":{"line":141,"column":24},"end":{"line":146,"column":5}},"81":{"start":{"line":148,"column":4},"end":{"line":155,"column":9}},"82":{"start":{"line":150,"column":8},"end":{"line":150,"column":35}},"83":{"start":{"line":151,"column":8},"end":{"line":151,"column":25}},"84":{"start":{"line":154,"column":8},"end":{"line":154,"column":39}},"85":{"start":{"line":159,"column":26},"end":{"line":163,"column":3}},"86":{"start":{"line":165,"column":22},"end":{"line":170,"column":3}},"87":{"start":{"line":166,"column":4},"end":{"line":169,"column":21}},"88":{"start":{"line":172,"column":2},"end":{"line":248,"column":4}},"89":{"start":{"line":191,"column":18},"end":{"line":214,"column":23}},"90":{"start":{"line":199,"column":83},"end":{"line":199,"column":106}},"91":{"start":{"line":203,"column":83},"end":{"line":203,"column":104}},"92":{"start":{"line":210,"column":85},"end":{"line":210,"column":116}}},"fnMap":{"0":{"name":"(anonymous_0)","decl":{"start":{"line":13,"column":13},"end":{"line":13,"column":14}},"loc":{"start":{"line":13,"column":49},"end":{"line":249,"column":1}},"line":13},"1":{"name":"(anonymous_1)","decl":{"start":{"line":19,"column":12},"end":{"line":19,"column":13}},"loc":{"start":{"line":19,"column":18},"end":{"line":22,"column":3}},"line":19},"2":{"name":"(anonymous_2)","decl":{"start":{"line":24,"column":30},"end":{"line":24,"column":31}},"loc":{"start":{"line":24,"column":36},"end":{"line":32,"column":3}},"line":24},"3":{"name":"(anonymous_3)","decl":{"start":{"line":27,"column":15},"end":{"line":27,"column":16}},"loc":{"start":{"line":27,"column":21},"end":{"line":31,"column":5}},"line":27},"4":{"name":"(anonymous_4)","decl":{"start":{"line":34,"column":25},"end":{"line":34,"column":26}},"loc":{"start":{"line":34,"column":31},"end":{"line":53,"column":3}},"line":34},"5":{"name":"(anonymous_5)","decl":{"start":{"line":35,"column":53},"end":{"line":35,"column":54}},"loc":{"start":{"line":35,"column":67},"end":{"line":50,"column":5}},"line":35},"6":{"name":"(anonymous_6)","decl":{"start":{"line":37,"column":24},"end":{"line":37,"column":25}},"loc":{"start":{"line":37,"column":34},"end":{"line":45,"column":7}},"line":37},"7":{"name":"(anonymous_7)","decl":{"start":{"line":47,"column":43},"end":{"line":47,"column":44}},"loc":{"start":{"line":47,"column":51},"end":{"line":47,"column":81}},"line":47},"8":{"name":"(anonymous_8)","decl":{"start":{"line":50,"column":13},"end":{"line":50,"column":14}},"loc":{"start":{"line":50,"column":24},"end":{"line":52,"column":5}},"line":50},"9":{"name":"(anonymous_9)","decl":{"start":{"line":55,"column":40},"end":{"line":55,"column":41}},"loc":{"start":{"line":55,"column":55},"end":{"line":55,"column":74}},"line":55},"10":{"name":"(anonymous_10)","decl":{"start":{"line":58,"column":26},"end":{"line":58,"column":27}},"loc":{"start":{"line":58,"column":50},"end":{"line":106,"column":3}},"line":58},"11":{"name":"(anonymous_11)","decl":{"start":{"line":63,"column":62},"end":{"line":63,"column":63}},"loc":{"start":{"line":63,"column":67},"end":{"line":63,"column":100}},"line":63},"12":{"name":"(anonymous_12)","decl":{"start":{"line":82,"column":48},"end":{"line":82,"column":49}},"loc":{"start":{"line":82,"column":53},"end":{"line":82,"column":87}},"line":82},"13":{"name":"(anonymous_13)","decl":{"start":{"line":99,"column":49},"end":{"line":99,"column":50}},"loc":{"start":{"line":99,"column":64},"end":{"line":99,"column":83}},"line":99},"14":{"name":"(anonymous_14)","decl":{"start":{"line":108,"column":22},"end":{"line":108,"column":23}},"loc":{"start":{"line":108,"column":34},"end":{"line":116,"column":3}},"line":108},"15":{"name":"(anonymous_15)","decl":{"start":{"line":109,"column":69},"end":{"line":109,"column":70}},"loc":{"start":{"line":109,"column":83},"end":{"line":112,"column":5}},"line":109},"16":{"name":"(anonymous_16)","decl":{"start":{"line":113,"column":13},"end":{"line":113,"column":14}},"loc":{"start":{"line":113,"column":24},"end":{"line":115,"column":7}},"line":113},"17":{"name":"(anonymous_17)","decl":{"start":{"line":118,"column":23},"end":{"line":118,"column":24}},"loc":{"start":{"line":118,"column":35},"end":{"line":138,"column":3}},"line":118},"18":{"name":"(anonymous_18)","decl":{"start":{"line":119,"column":53},"end":{"line":119,"column":54}},"loc":{"start":{"line":119,"column":67},"end":{"line":135,"column":5}},"line":119},"19":{"name":"(anonymous_19)","decl":{"start":{"line":121,"column":43},"end":{"line":121,"column":44}},"loc":{"start":{"line":121,"column":51},"end":{"line":121,"column":81}},"line":121},"20":{"name":"(anonymous_20)","decl":{"start":{"line":122,"column":43},"end":{"line":122,"column":44}},"loc":{"start":{"line":122,"column":51},"end":{"line":122,"column":76}},"line":122},"21":{"name":"(anonymous_21)","decl":{"start":{"line":124,"column":27},"end":{"line":124,"column":28}},"loc":{"start":{"line":124,"column":35},"end":{"line":134,"column":7}},"line":124},"22":{"name":"(anonymous_22)","decl":{"start":{"line":126,"column":16},"end":{"line":126,"column":17}},"loc":{"start":{"line":126,"column":30},"end":{"line":130,"column":11}},"line":126},"23":{"name":"(anonymous_23)","decl":{"start":{"line":131,"column":17},"end":{"line":131,"column":18}},"loc":{"start":{"line":131,"column":28},"end":{"line":133,"column":11}},"line":131},"24":{"name":"(anonymous_24)","decl":{"start":{"line":135,"column":13},"end":{"line":135,"column":14}},"loc":{"start":{"line":135,"column":24},"end":{"line":137,"column":5}},"line":135},"25":{"name":"(anonymous_25)","decl":{"start":{"line":140,"column":23},"end":{"line":140,"column":24}},"loc":{"start":{"line":140,"column":37},"end":{"line":157,"column":3}},"line":140},"26":{"name":"(anonymous_26)","decl":{"start":{"line":149,"column":12},"end":{"line":149,"column":13}},"loc":{"start":{"line":149,"column":24},"end":{"line":152,"column":7}},"line":149},"27":{"name":"(anonymous_27)","decl":{"start":{"line":153,"column":13},"end":{"line":153,"column":14}},"loc":{"start":{"line":153,"column":22},"end":{"line":155,"column":7}},"line":153},"28":{"name":"(anonymous_28)","decl":{"start":{"line":165,"column":22},"end":{"line":165,"column":23}},"loc":{"start":{"line":165,"column":33},"end":{"line":170,"column":3}},"line":165},"29":{"name":"(anonymous_29)","decl":{"start":{"line":190,"column":30},"end":{"line":190,"column":31}},"loc":{"start":{"line":191,"column":18},"end":{"line":214,"column":23}},"line":191},"30":{"name":"(anonymous_30)","decl":{"start":{"line":199,"column":77},"end":{"line":199,"column":78}},"loc":{"start":{"line":199,"column":83},"end":{"line":199,"column":106}},"line":199},"31":{"name":"(anonymous_31)","decl":{"start":{"line":203,"column":77},"end":{"line":203,"column":78}},"loc":{"start":{"line":203,"column":83},"end":{"line":203,"column":104}},"line":203},"32":{"name":"(anonymous_32)","decl":{"start":{"line":210,"column":79},"end":{"line":210,"column":80}},"loc":{"start":{"line":210,"column":85},"end":{"line":210,"column":116}},"line":210}},"branchMap":{"0":{"loc":{"start":{"line":38,"column":8},"end":{"line":40,"column":9}},"type":"if","locations":[{"start":{"line":38,"column":8},"end":{"line":40,"column":9}},{"start":{},"end":{}}],"line":38},"1":{"loc":{"start":{"line":41,"column":8},"end":{"line":43,"column":9}},"type":"if","locations":[{"start":{"line":41,"column":8},"end":{"line":43,"column":9}},{"start":{},"end":{}}],"line":41},"2":{"loc":{"start":{"line":64,"column":6},"end":{"line":71,"column":7}},"type":"if","locations":[{"start":{"line":64,"column":6},"end":{"line":71,"column":7}},{"start":{"line":68,"column":13},"end":{"line":71,"column":7}}],"line":64},"3":{"loc":{"start":{"line":84,"column":8},"end":{"line":93,"column":9}},"type":"if","locations":[{"start":{"line":84,"column":8},"end":{"line":93,"column":9}},{"start":{"line":88,"column":15},"end":{"line":93,"column":9}}],"line":84},"4":{"loc":{"start":{"line":88,"column":15},"end":{"line":93,"column":9}},"type":"if","locations":[{"start":{"line":88,"column":15},"end":{"line":93,"column":9}},{"start":{},"end":{}}],"line":88},"5":{"loc":{"start":{"line":174,"column":7},"end":{"line":246,"column":7}},"type":"cond-expr","locations":[{"start":{"line":175,"column":8},"end":{"line":235,"column":14}},{"start":{"line":237,"column":8},"end":{"line":245,"column":14}}],"line":174},"6":{"loc":{"start":{"line":228,"column":17},"end":{"line":228,"column":60}},"type":"cond-expr","locations":[{"start":{"line":228,"column":29},"end":{"line":228,"column":41}},{"start":{"line":228,"column":44},"end":{"line":228,"column":60}}],"line":228}},"s":{"0":0,"1":0,"2":0,"3":0,"4":0,"5":0,"6":0,"7":0,"8":0,"9":0,"10":0,"11":0,"12":0,"13":0,"14":0,"15":0,"16":0,"17":0,"18":0,"19":0,"20":0,"21":0,"22":0,"23":0,"24":0,"25":0,"26":0,"27":0,"28":0,"29":0,"30":0,"31":0,"32":0,"33":0,"34":0,"35":0,"36":0,"37":0,"38":0,"39":0,"40":0,"41":0,"42":0,"43":0,"44":0,"45":0,"46":0,"47":0,"48":0,"49":0,"50":0,"51":0,"52":0,"53":0,"54":0,"55":0,"56":0,"57":0,"58":0,"59":0,"60":0,"61":0,"62":0,"63":0,"64":0,"65":0,"66":0,"67":0,"68":0,"69":0,"70":0,"71":0,"72":0,"73":0,"74":0,"75":0,"76":0,"77":0,"78":0,"79":0,"80":0,"81":0,"82":0,"83":0,"84":0,"85":0,"86":0,"87":0,"88":0,"89":0,"90":0,"91":0,"92":0},"f":{"0":0,"1":0,"2":0,"3":0,"4":0,"5":0,"6":0,"7":0,"8":0,"9":0,"10":0,"11":0,"12":0,"13":0,"14":0,"15":0,"16":0,"17":0,"18":0,"19":0,"20":0,"21":0,"22":0,"23":0,"24":0,"25":0,"26":0,"27":0,"28":0,"29":0,"30":0,"31":0,"32":0},"b":{"0":[0,0],"1":[0,0],"2":[0,0],"3":[0,0],"4":[0,0],"5":[0,0],"6":[0,0]}}
,"C:\\Users\\jkurmapu\\OneDrive - Hitachi Vantara\\Desktop\\React Projects\\shopping-app\\src\\components\\Cart\\CheckOut.js": {"path":"C:\\Users\\jkurmapu\\OneDrive - Hitachi Vantara\\Desktop\\React Projects\\shopping-app\\src\\components\\Cart\\CheckOut.js","statementMap":{"0":{"start":{"line":12,"column":17},"end":{"line":462,"column":1}},"1":{"start":{"line":13,"column":34},"end":{"line":13,"column":46}},"2":{"start":{"line":14,"column":28},"end":{"line":14,"column":39}},"3":{"start":{"line":15,"column":28},"end":{"line":15,"column":40}},"4":{"start":{"line":16,"column":28},"end":{"line":16,"column":40}},"5":{"start":{"line":17,"column":32},"end":{"line":17,"column":44}},"6":{"start":{"line":18,"column":42},"end":{"line":18,"column":54}},"7":{"start":{"line":19,"column":34},"end":{"line":19,"column":46}},"8":{"start":{"line":20,"column":42},"end":{"line":20,"column":54}},"9":{"start":{"line":22,"column":2},"end":{"line":25,"column":9}},"10":{"start":{"line":23,"column":4},"end":{"line":23,"column":20}},"11":{"start":{"line":24,"column":4},"end":{"line":24,"column":21}},"12":{"start":{"line":27,"column":22},"end":{"line":32,"column":3}},"13":{"start":{"line":28,"column":4},"end":{"line":31,"column":21}},"14":{"start":{"line":34,"column":25},"end":{"line":43,"column":3}},"15":{"start":{"line":35,"column":4},"end":{"line":42,"column":7}},"16":{"start":{"line":36,"column":27},"end":{"line":36,"column":40}},"17":{"start":{"line":37,"column":23},"end":{"line":37,"column":82}},"18":{"start":{"line":37,"column":51},"end":{"line":37,"column":81}},"19":{"start":{"line":38,"column":31},"end":{"line":38,"column":56}},"20":{"start":{"line":39,"column":6},"end":{"line":39,"column":36}},"21":{"start":{"line":41,"column":6},"end":{"line":41,"column":43}},"22":{"start":{"line":46,"column":24},"end":{"line":46,"column":78}},"23":{"start":{"line":46,"column":55},"end":{"line":46,"column":74}},"24":{"start":{"line":49,"column":26},"end":{"line":97,"column":3}},"25":{"start":{"line":50,"column":29},"end":{"line":50,"column":31}},"26":{"start":{"line":53,"column":4},"end":{"line":63,"column":5}},"27":{"start":{"line":54,"column":35},"end":{"line":54,"column":101}},"28":{"start":{"line":54,"column":67},"end":{"line":54,"column":100}},"29":{"start":{"line":55,"column":6},"end":{"line":62,"column":7}},"30":{"start":{"line":57,"column":8},"end":{"line":57,"column":58}},"31":{"start":{"line":58,"column":8},"end":{"line":58,"column":80}},"32":{"start":{"line":61,"column":8},"end":{"line":61,"column":91}},"33":{"start":{"line":65,"column":4},"end":{"line":94,"column":5}},"34":{"start":{"line":67,"column":30},"end":{"line":67,"column":83}},"35":{"start":{"line":68,"column":26},"end":{"line":68,"column":46}},"36":{"start":{"line":71,"column":6},"end":{"line":85,"column":7}},"37":{"start":{"line":71,"column":19},"end":{"line":71,"column":20}},"38":{"start":{"line":72,"column":24},"end":{"line":72,"column":43}},"39":{"start":{"line":73,"column":31},"end":{"line":73,"column":88}},"40":{"start":{"line":73,"column":53},"end":{"line":73,"column":87}},"41":{"start":{"line":75,"column":8},"end":{"line":84,"column":9}},"42":{"start":{"line":77,"column":10},"end":{"line":77,"column":40}},"43":{"start":{"line":78,"column":10},"end":{"line":78,"column":14}},"44":{"start":{"line":79,"column":15},"end":{"line":84,"column":9}},"45":{"start":{"line":81,"column":10},"end":{"line":81,"column":73}},"46":{"start":{"line":83,"column":10},"end":{"line":83,"column":100}},"47":{"start":{"line":88,"column":6},"end":{"line":88,"column":36}},"48":{"start":{"line":89,"column":6},"end":{"line":89,"column":36}},"49":{"start":{"line":90,"column":25},"end":{"line":90,"column":87}},"50":{"start":{"line":90,"column":64},"end":{"line":90,"column":83}},"51":{"start":{"line":91,"column":6},"end":{"line":91,"column":27}},"52":{"start":{"line":93,"column":6},"end":{"line":93,"column":43}},"53":{"start":{"line":96,"column":4},"end":{"line":96,"column":28}},"54":{"start":{"line":99,"column":24},"end":{"line":103,"column":3}},"55":{"start":{"line":101,"column":16},"end":{"line":101,"column":86}},"56":{"start":{"line":102,"column":4},"end":{"line":102,"column":29}},"57":{"start":{"line":105,"column":25},"end":{"line":107,"column":3}},"58":{"start":{"line":106,"column":4},"end":{"line":106,"column":33}},"59":{"start":{"line":109,"column":23},"end":{"line":342,"column":3}},"60":{"start":{"line":110,"column":4},"end":{"line":110,"column":27}},"61":{"start":{"line":111,"column":4},"end":{"line":123,"column":5}},"62":{"start":{"line":112,"column":6},"end":{"line":121,"column":9}},"63":{"start":{"line":122,"column":6},"end":{"line":122,"column":13}},"64":{"start":{"line":124,"column":4},"end":{"line":136,"column":5}},"65":{"start":{"line":125,"column":6},"end":{"line":134,"column":9}},"66":{"start":{"line":135,"column":6},"end":{"line":135,"column":13}},"67":{"start":{"line":138,"column":4},"end":{"line":152,"column":5}},"68":{"start":{"line":140,"column":6},"end":{"line":140,"column":19}},"69":{"start":{"line":141,"column":6},"end":{"line":150,"column":9}},"70":{"start":{"line":151,"column":6},"end":{"line":151,"column":13}},"71":{"start":{"line":154,"column":4},"end":{"line":166,"column":5}},"72":{"start":{"line":155,"column":6},"end":{"line":164,"column":9}},"73":{"start":{"line":165,"column":6},"end":{"line":165,"column":13}},"74":{"start":{"line":168,"column":4},"end":{"line":181,"column":5}},"75":{"start":{"line":169,"column":6},"end":{"line":169,"column":21}},"76":{"start":{"line":170,"column":6},"end":{"line":179,"column":9}},"77":{"start":{"line":180,"column":6},"end":{"line":180,"column":13}},"78":{"start":{"line":183,"column":4},"end":{"line":195,"column":5}},"79":{"start":{"line":184,"column":6},"end":{"line":193,"column":9}},"80":{"start":{"line":194,"column":6},"end":{"line":194,"column":13}},"81":{"start":{"line":196,"column":4},"end":{"line":208,"column":5}},"82":{"start":{"line":197,"column":6},"end":{"line":206,"column":9}},"83":{"start":{"line":207,"column":6},"end":{"line":207,"column":13}},"84":{"start":{"line":210,"column":4},"end":{"line":222,"column":5}},"85":{"start":{"line":211,"column":6},"end":{"line":220,"column":9}},"86":{"start":{"line":221,"column":6},"end":{"line":221,"column":13}},"87":{"start":{"line":230,"column":6},"end":{"line":230,"column":71}},"88":{"start":{"line":234,"column":6},"end":{"line":267,"column":7}},"89":{"start":{"line":235,"column":29},"end":{"line":235,"column":78}},"90":{"start":{"line":236,"column":34},"end":{"line":236,"column":51}},"91":{"start":{"line":237,"column":33},"end":{"line":237,"column":97}},"92":{"start":{"line":237,"column":66},"end":{"line":237,"column":96}},"93":{"start":{"line":238,"column":8},"end":{"line":238,"column":38}},"94":{"start":{"line":240,"column":8},"end":{"line":264,"column":9}},"95":{"start":{"line":242,"column":34},"end":{"line":242,"column":87}},"96":{"start":{"line":243,"column":35},"end":{"line":243,"column":110}},"97":{"start":{"line":243,"column":71},"end":{"line":243,"column":109}},"98":{"start":{"line":246,"column":23},"end":{"line":246,"column":52}},"99":{"start":{"line":249,"column":28},"end":{"line":259,"column":11}},"100":{"start":{"line":262,"column":27},"end":{"line":262,"column":61}},"101":{"start":{"line":263,"column":10},"end":{"line":263,"column":50}},"102":{"start":{"line":266,"column":8},"end":{"line":266,"column":39}},"103":{"start":{"line":270,"column":4},"end":{"line":270,"column":26}},"104":{"start":{"line":344,"column":26},"end":{"line":347,"column":3}},"105":{"start":{"line":349,"column":2},"end":{"line":461,"column":4}},"106":{"start":{"line":364,"column":16},"end":{"line":373,"column":21}},"107":{"start":{"line":388,"column":35},"end":{"line":388,"column":59}},"108":{"start":{"line":399,"column":35},"end":{"line":399,"column":59}},"109":{"start":{"line":411,"column":35},"end":{"line":411,"column":61}},"110":{"start":{"line":421,"column":35},"end":{"line":421,"column":66}},"111":{"start":{"line":433,"column":35},"end":{"line":433,"column":62}},"112":{"start":{"line":443,"column":35},"end":{"line":443,"column":66}}},"fnMap":{"0":{"name":"(anonymous_0)","decl":{"start":{"line":12,"column":17},"end":{"line":12,"column":18}},"loc":{"start":{"line":12,"column":39},"end":{"line":462,"column":1}},"line":12},"1":{"name":"(anonymous_1)","decl":{"start":{"line":22,"column":12},"end":{"line":22,"column":13}},"loc":{"start":{"line":22,"column":18},"end":{"line":25,"column":3}},"line":22},"2":{"name":"(anonymous_2)","decl":{"start":{"line":27,"column":22},"end":{"line":27,"column":23}},"loc":{"start":{"line":27,"column":33},"end":{"line":32,"column":3}},"line":27},"3":{"name":"(anonymous_3)","decl":{"start":{"line":34,"column":25},"end":{"line":34,"column":26}},"loc":{"start":{"line":34,"column":31},"end":{"line":43,"column":3}},"line":34},"4":{"name":"(anonymous_4)","decl":{"start":{"line":35,"column":53},"end":{"line":35,"column":54}},"loc":{"start":{"line":35,"column":67},"end":{"line":40,"column":5}},"line":35},"5":{"name":"(anonymous_5)","decl":{"start":{"line":37,"column":43},"end":{"line":37,"column":44}},"loc":{"start":{"line":37,"column":51},"end":{"line":37,"column":81}},"line":37},"6":{"name":"(anonymous_6)","decl":{"start":{"line":40,"column":13},"end":{"line":40,"column":14}},"loc":{"start":{"line":40,"column":24},"end":{"line":42,"column":5}},"line":40},"7":{"name":"(anonymous_7)","decl":{"start":{"line":46,"column":40},"end":{"line":46,"column":41}},"loc":{"start":{"line":46,"column":55},"end":{"line":46,"column":74}},"line":46},"8":{"name":"(anonymous_8)","decl":{"start":{"line":49,"column":26},"end":{"line":49,"column":27}},"loc":{"start":{"line":49,"column":50},"end":{"line":97,"column":3}},"line":49},"9":{"name":"(anonymous_9)","decl":{"start":{"line":54,"column":62},"end":{"line":54,"column":63}},"loc":{"start":{"line":54,"column":67},"end":{"line":54,"column":100}},"line":54},"10":{"name":"(anonymous_10)","decl":{"start":{"line":73,"column":48},"end":{"line":73,"column":49}},"loc":{"start":{"line":73,"column":53},"end":{"line":73,"column":87}},"line":73},"11":{"name":"(anonymous_11)","decl":{"start":{"line":90,"column":49},"end":{"line":90,"column":50}},"loc":{"start":{"line":90,"column":64},"end":{"line":90,"column":83}},"line":90},"12":{"name":"(anonymous_12)","decl":{"start":{"line":99,"column":24},"end":{"line":99,"column":25}},"loc":{"start":{"line":99,"column":35},"end":{"line":103,"column":3}},"line":99},"13":{"name":"(anonymous_13)","decl":{"start":{"line":105,"column":25},"end":{"line":105,"column":26}},"loc":{"start":{"line":105,"column":37},"end":{"line":107,"column":3}},"line":105},"14":{"name":"(anonymous_14)","decl":{"start":{"line":109,"column":23},"end":{"line":109,"column":24}},"loc":{"start":{"line":109,"column":34},"end":{"line":342,"column":3}},"line":109},"15":{"name":"syncPostOrderData","decl":{"start":{"line":229,"column":13},"end":{"line":229,"column":30}},"loc":{"start":{"line":229,"column":42},"end":{"line":231,"column":5}},"line":229},"16":{"name":"fetchDataAndProcess","decl":{"start":{"line":233,"column":19},"end":{"line":233,"column":38}},"loc":{"start":{"line":233,"column":41},"end":{"line":268,"column":5}},"line":233},"17":{"name":"(anonymous_17)","decl":{"start":{"line":237,"column":58},"end":{"line":237,"column":59}},"loc":{"start":{"line":237,"column":66},"end":{"line":237,"column":96}},"line":237},"18":{"name":"(anonymous_18)","decl":{"start":{"line":243,"column":63},"end":{"line":243,"column":64}},"loc":{"start":{"line":243,"column":71},"end":{"line":243,"column":109}},"line":243},"19":{"name":"(anonymous_19)","decl":{"start":{"line":363,"column":28},"end":{"line":363,"column":29}},"loc":{"start":{"line":364,"column":16},"end":{"line":373,"column":21}},"line":364},"20":{"name":"(anonymous_20)","decl":{"start":{"line":388,"column":28},"end":{"line":388,"column":29}},"loc":{"start":{"line":388,"column":35},"end":{"line":388,"column":59}},"line":388},"21":{"name":"(anonymous_21)","decl":{"start":{"line":399,"column":28},"end":{"line":399,"column":29}},"loc":{"start":{"line":399,"column":35},"end":{"line":399,"column":59}},"line":399},"22":{"name":"(anonymous_22)","decl":{"start":{"line":411,"column":28},"end":{"line":411,"column":29}},"loc":{"start":{"line":411,"column":35},"end":{"line":411,"column":61}},"line":411},"23":{"name":"(anonymous_23)","decl":{"start":{"line":421,"column":28},"end":{"line":421,"column":29}},"loc":{"start":{"line":421,"column":35},"end":{"line":421,"column":66}},"line":421},"24":{"name":"(anonymous_24)","decl":{"start":{"line":433,"column":28},"end":{"line":433,"column":29}},"loc":{"start":{"line":433,"column":35},"end":{"line":433,"column":62}},"line":433},"25":{"name":"(anonymous_25)","decl":{"start":{"line":443,"column":28},"end":{"line":443,"column":29}},"loc":{"start":{"line":443,"column":35},"end":{"line":443,"column":66}},"line":443}},"branchMap":{"0":{"loc":{"start":{"line":55,"column":6},"end":{"line":62,"column":7}},"type":"if","locations":[{"start":{"line":55,"column":6},"end":{"line":62,"column":7}},{"start":{"line":59,"column":13},"end":{"line":62,"column":7}}],"line":55},"1":{"loc":{"start":{"line":75,"column":8},"end":{"line":84,"column":9}},"type":"if","locations":[{"start":{"line":75,"column":8},"end":{"line":84,"column":9}},{"start":{"line":79,"column":15},"end":{"line":84,"column":9}}],"line":75},"2":{"loc":{"start":{"line":79,"column":15},"end":{"line":84,"column":9}},"type":"if","locations":[{"start":{"line":79,"column":15},"end":{"line":84,"column":9}},{"start":{},"end":{}}],"line":79},"3":{"loc":{"start":{"line":111,"column":4},"end":{"line":123,"column":5}},"type":"if","locations":[{"start":{"line":111,"column":4},"end":{"line":123,"column":5}},{"start":{},"end":{}}],"line":111},"4":{"loc":{"start":{"line":124,"column":4},"end":{"line":136,"column":5}},"type":"if","locations":[{"start":{"line":124,"column":4},"end":{"line":136,"column":5}},{"start":{},"end":{}}],"line":124},"5":{"loc":{"start":{"line":138,"column":4},"end":{"line":152,"column":5}},"type":"if","locations":[{"start":{"line":138,"column":4},"end":{"line":152,"column":5}},{"start":{"line":139,"column":11},"end":{"line":152,"column":5}}],"line":138},"6":{"loc":{"start":{"line":154,"column":4},"end":{"line":166,"column":5}},"type":"if","locations":[{"start":{"line":154,"column":4},"end":{"line":166,"column":5}},{"start":{},"end":{}}],"line":154},"7":{"loc":{"start":{"line":168,"column":4},"end":{"line":181,"column":5}},"type":"if","locations":[{"start":{"line":168,"column":4},"end":{"line":181,"column":5}},{"start":{},"end":{}}],"line":168},"8":{"loc":{"start":{"line":168,"column":10},"end":{"line":168,"column":72}},"type":"binary-expr","locations":[{"start":{"line":168,"column":10},"end":{"line":168,"column":33}},{"start":{"line":168,"column":37},"end":{"line":168,"column":72}}],"line":168},"9":{"loc":{"start":{"line":183,"column":4},"end":{"line":195,"column":5}},"type":"if","locations":[{"start":{"line":183,"column":4},"end":{"line":195,"column":5}},{"start":{},"end":{}}],"line":183},"10":{"loc":{"start":{"line":196,"column":4},"end":{"line":208,"column":5}},"type":"if","locations":[{"start":{"line":196,"column":4},"end":{"line":208,"column":5}},{"start":{},"end":{}}],"line":196},"11":{"loc":{"start":{"line":210,"column":4},"end":{"line":222,"column":5}},"type":"if","locations":[{"start":{"line":210,"column":4},"end":{"line":222,"column":5}},{"start":{},"end":{}}],"line":210}},"s":{"0":0,"1":0,"2":0,"3":0,"4":0,"5":0,"6":0,"7":0,"8":0,"9":0,"10":0,"11":0,"12":0,"13":0,"14":0,"15":0,"16":0,"17":0,"18":0,"19":0,"20":0,"21":0,"22":0,"23":0,"24":0,"25":0,"26":0,"27":0,"28":0,"29":0,"30":0,"31":0,"32":0,"33":0,"34":0,"35":0,"36":0,"37":0,"38":0,"39":0,"40":0,"41":0,"42":0,"43":0,"44":0,"45":0,"46":0,"47":0,"48":0,"49":0,"50":0,"51":0,"52":0,"53":0,"54":0,"55":0,"56":0,"57":0,"58":0,"59":0,"60":0,"61":0,"62":0,"63":0,"64":0,"65":0,"66":0,"67":0,"68":0,"69":0,"70":0,"71":0,"72":0,"73":0,"74":0,"75":0,"76":0,"77":0,"78":0,"79":0,"80":0,"81":0,"82":0,"83":0,"84":0,"85":0,"86":0,"87":0,"88":0,"89":0,"90":0,"91":0,"92":0,"93":0,"94":0,"95":0,"96":0,"97":0,"98":0,"99":0,"100":0,"101":0,"102":0,"103":0,"104":0,"105":0,"106":0,"107":0,"108":0,"109":0,"110":0,"111":0,"112":0},"f":{"0":0,"1":0,"2":0,"3":0,"4":0,"5":0,"6":0,"7":0,"8":0,"9":0,"10":0,"11":0,"12":0,"13":0,"14":0,"15":0,"16":0,"17":0,"18":0,"19":0,"20":0,"21":0,"22":0,"23":0,"24":0,"25":0},"b":{"0":[0,0],"1":[0,0],"2":[0,0],"3":[0,0],"4":[0,0],"5":[0,0],"6":[0,0],"7":[0,0],"8":[0,0],"9":[0,0],"10":[0,0],"11":[0,0]}}
,"C:\\Users\\jkurmapu\\OneDrive - Hitachi Vantara\\Desktop\\React Projects\\shopping-app\\src\\components\\Home\\Home.js": {"path":"C:\\Users\\jkurmapu\\OneDrive - Hitachi Vantara\\Desktop\\React Projects\\shopping-app\\src\\components\\Home\\Home.js","statementMap":{"0":{"start":{"line":10,"column":21},"end":{"line":28,"column":3}},"1":{"start":{"line":30,"column":18},"end":{"line":41,"column":4}},"2":{"start":{"line":31,"column":4},"end":{"line":40,"column":6}},"3":{"start":{"line":42,"column":2},"end":{"line":80,"column":3}}},"fnMap":{"0":{"name":"Home","decl":{"start":{"line":9,"column":24},"end":{"line":9,"column":28}},"loc":{"start":{"line":9,"column":43},"end":{"line":81,"column":1}},"line":9},"1":{"name":"(anonymous_1)","decl":{"start":{"line":30,"column":31},"end":{"line":30,"column":32}},"loc":{"start":{"line":31,"column":4},"end":{"line":40,"column":6}},"line":31}},"branchMap":{},"s":{"0":1,"1":1,"2":21,"3":1},"f":{"0":1,"1":21},"b":{},"_coverageSchema":"1a1c01bbd47fc00a2c39e90264f33305004495a9","hash":"7ec7181000d9e592e197e712f59be67466139074"}
,"C:\\Users\\jkurmapu\\OneDrive - Hitachi Vantara\\Desktop\\React Projects\\shopping-app\\src\\components\\Home\\Sample.js": {"path":"C:\\Users\\jkurmapu\\OneDrive - Hitachi Vantara\\Desktop\\React Projects\\shopping-app\\src\\components\\Home\\Sample.js","statementMap":{"0":{"start":{"line":13,"column":24},"end":{"line":18,"column":5}},"1":{"start":{"line":14,"column":8},"end":{"line":17,"column":25}},"2":{"start":{"line":19,"column":4},"end":{"line":73,"column":6}}},"fnMap":{"0":{"name":"Sample","decl":{"start":{"line":12,"column":24},"end":{"line":12,"column":30}},"loc":{"start":{"line":12,"column":38},"end":{"line":74,"column":1}},"line":12},"1":{"name":"(anonymous_1)","decl":{"start":{"line":13,"column":24},"end":{"line":13,"column":25}},"loc":{"start":{"line":13,"column":35},"end":{"line":18,"column":5}},"line":13}},"branchMap":{},"s":{"0":0,"1":0,"2":0},"f":{"0":0,"1":0},"b":{},"_coverageSchema":"1a1c01bbd47fc00a2c39e90264f33305004495a9","hash":"79f86b284fd5127ded84d3566a517269dab21e53"}
,"C:\\Users\\jkurmapu\\OneDrive - Hitachi Vantara\\Desktop\\React Projects\\shopping-app\\src\\components\\ProductConfig\\AddProduct.js": {"path":"C:\\Users\\jkurmapu\\OneDrive - Hitachi Vantara\\Desktop\\React Projects\\shopping-app\\src\\components\\ProductConfig\\AddProduct.js","statementMap":{"0":{"start":{"line":12,"column":40},"end":{"line":12,"column":52}},"1":{"start":{"line":13,"column":42},"end":{"line":13,"column":55}},"2":{"start":{"line":14,"column":40},"end":{"line":14,"column":52}},"3":{"start":{"line":15,"column":44},"end":{"line":15,"column":56}},"4":{"start":{"line":16,"column":46},"end":{"line":16,"column":57}},"5":{"start":{"line":17,"column":34},"end":{"line":17,"column":46}},"6":{"start":{"line":19,"column":23},"end":{"line":168,"column":3}},"7":{"start":{"line":21,"column":4},"end":{"line":21,"column":27}},"8":{"start":{"line":22,"column":24},"end":{"line":30,"column":5}},"9":{"start":{"line":32,"column":4},"end":{"line":44,"column":5}},"10":{"start":{"line":33,"column":6},"end":{"line":42,"column":9}},"11":{"start":{"line":43,"column":6},"end":{"line":43,"column":13}},"12":{"start":{"line":45,"column":4},"end":{"line":57,"column":5}},"13":{"start":{"line":46,"column":6},"end":{"line":55,"column":9}},"14":{"start":{"line":56,"column":6},"end":{"line":56,"column":13}},"15":{"start":{"line":59,"column":4},"end":{"line":72,"column":5}},"16":{"start":{"line":60,"column":6},"end":{"line":60,"column":27}},"17":{"start":{"line":61,"column":6},"end":{"line":70,"column":9}},"18":{"start":{"line":71,"column":6},"end":{"line":71,"column":13}},"19":{"start":{"line":74,"column":4},"end":{"line":86,"column":5}},"20":{"start":{"line":75,"column":6},"end":{"line":84,"column":9}},"21":{"start":{"line":85,"column":6},"end":{"line":85,"column":13}},"22":{"start":{"line":87,"column":4},"end":{"line":99,"column":5}},"23":{"start":{"line":88,"column":6},"end":{"line":97,"column":9}},"24":{"start":{"line":98,"column":6},"end":{"line":98,"column":13}},"25":{"start":{"line":100,"column":4},"end":{"line":112,"column":5}},"26":{"start":{"line":101,"column":6},"end":{"line":110,"column":9}},"27":{"start":{"line":111,"column":6},"end":{"line":111,"column":13}},"28":{"start":{"line":114,"column":4},"end":{"line":127,"column":5}},"29":{"start":{"line":115,"column":6},"end":{"line":115,"column":27}},"30":{"start":{"line":116,"column":6},"end":{"line":125,"column":9}},"31":{"start":{"line":126,"column":6},"end":{"line":126,"column":13}},"32":{"start":{"line":129,"column":4},"end":{"line":141,"column":5}},"33":{"start":{"line":130,"column":6},"end":{"line":139,"column":9}},"34":{"start":{"line":140,"column":6},"end":{"line":140,"column":13}},"35":{"start":{"line":142,"column":4},"end":{"line":160,"column":9}},"36":{"start":{"line":144,"column":8},"end":{"line":144,"column":33}},"37":{"start":{"line":145,"column":8},"end":{"line":156,"column":16}},"38":{"start":{"line":146,"column":10},"end":{"line":155,"column":13}},"39":{"start":{"line":159,"column":8},"end":{"line":159,"column":39}},"40":{"start":{"line":169,"column":2},"end":{"line":257,"column":3}},"41":{"start":{"line":184,"column":35},"end":{"line":184,"column":65}},"42":{"start":{"line":195,"column":35},"end":{"line":195,"column":66}},"43":{"start":{"line":207,"column":35},"end":{"line":207,"column":65}},"44":{"start":{"line":217,"column":35},"end":{"line":217,"column":67}},"45":{"start":{"line":229,"column":35},"end":{"line":229,"column":68}},"46":{"start":{"line":239,"column":35},"end":{"line":239,"column":62}}},"fnMap":{"0":{"name":"AddProduct","decl":{"start":{"line":11,"column":24},"end":{"line":11,"column":34}},"loc":{"start":{"line":11,"column":52},"end":{"line":258,"column":1}},"line":11},"1":{"name":"(anonymous_1)","decl":{"start":{"line":19,"column":23},"end":{"line":19,"column":24}},"loc":{"start":{"line":19,"column":34},"end":{"line":168,"column":3}},"line":19},"2":{"name":"(anonymous_2)","decl":{"start":{"line":143,"column":12},"end":{"line":143,"column":13}},"loc":{"start":{"line":143,"column":24},"end":{"line":157,"column":7}},"line":143},"3":{"name":"(anonymous_3)","decl":{"start":{"line":145,"column":19},"end":{"line":145,"column":20}},"loc":{"start":{"line":145,"column":25},"end":{"line":156,"column":9}},"line":145},"4":{"name":"(anonymous_4)","decl":{"start":{"line":158,"column":13},"end":{"line":158,"column":14}},"loc":{"start":{"line":158,"column":22},"end":{"line":160,"column":7}},"line":158},"5":{"name":"(anonymous_5)","decl":{"start":{"line":184,"column":28},"end":{"line":184,"column":29}},"loc":{"start":{"line":184,"column":35},"end":{"line":184,"column":65}},"line":184},"6":{"name":"(anonymous_6)","decl":{"start":{"line":195,"column":28},"end":{"line":195,"column":29}},"loc":{"start":{"line":195,"column":35},"end":{"line":195,"column":66}},"line":195},"7":{"name":"(anonymous_7)","decl":{"start":{"line":207,"column":28},"end":{"line":207,"column":29}},"loc":{"start":{"line":207,"column":35},"end":{"line":207,"column":65}},"line":207},"8":{"name":"(anonymous_8)","decl":{"start":{"line":217,"column":28},"end":{"line":217,"column":29}},"loc":{"start":{"line":217,"column":35},"end":{"line":217,"column":67}},"line":217},"9":{"name":"(anonymous_9)","decl":{"start"
[...]
line":146},"11":{"name":"(anonymous_11)","decl":{"start":{"line":149,"column":45},"end":{"line":149,"column":46}},"loc":{"start":{"line":149,"column":54},"end":{"line":149,"column":89}},"line":149},"12":{"name":"(anonymous_12)","decl":{"start":{"line":150,"column":24},"end":{"line":150,"column":25}},"loc":{"start":{"line":150,"column":34},"end":{"line":158,"column":7}},"line":150},"13":{"name":"(anonymous_13)","decl":{"start":{"line":165,"column":12},"end":{"line":165,"column":13}},"loc":{"start":{"line":165,"column":18},"end":{"line":168,"column":3}},"line":165},"14":{"name":"(anonymous_14)","decl":{"start":{"line":172,"column":26},"end":{"line":172,"column":27}},"loc":{"start":{"line":172,"column":37},"end":{"line":174,"column":3}},"line":172},"15":{"name":"(anonymous_15)","decl":{"start":{"line":177,"column":19},"end":{"line":177,"column":20}},"loc":{"start":{"line":177,"column":35},"end":{"line":177,"column":61}},"line":177},"16":{"name":"(anonymous_16)","decl":{"start":{"line":198,"column":25},"end":{"line":198,"column":26}},"loc":{"start":{"line":198,"column":36},"end":{"line":204,"column":3}},"line":198},"17":{"name":"(anonymous_17)","decl":{"start":{"line":220,"column":33},"end":{"line":220,"column":34}},"loc":{"start":{"line":221,"column":12},"end":{"line":230,"column":21}},"line":221},"18":{"name":"(anonymous_18)","decl":{"start":{"line":225,"column":23},"end":{"line":225,"column":24}},"loc":{"start":{"line":225,"column":29},"end":{"line":225,"column":50}},"line":225},"19":{"name":"(anonymous_19)","decl":{"start":{"line":235,"column":74},"end":{"line":235,"column":75}},"loc":{"start":{"line":235,"column":80},"end":{"line":235,"column":106}},"line":235},"20":{"name":"(anonymous_20)","decl":{"start":{"line":242,"column":72},"end":{"line":242,"column":73}},"loc":{"start":{"line":242,"column":78},"end":{"line":242,"column":105}},"line":242},"21":{"name":"(anonymous_21)","decl":{"start":{"line":253,"column":34},"end":{"line":253,"column":35}},"loc":{"start":{"line":254,"column":14},"end":{"line":270,"column":16}},"line":254},"22":{"name":"(anonymous_22)","decl":{"start":{"line":267,"column":25},"end":{"line":267,"column":26}},"loc":{"start":{"line":267,"column":31},"end":{"line":267,"column":63}},"line":267},"23":{"name":"(anonymous_23)","decl":{"start":{"line":275,"column":26},"end":{"line":275,"column":27}},"loc":{"start":{"line":276,"column":14},"end":{"line":292,"column":16}},"line":276},"24":{"name":"(anonymous_24)","decl":{"start":{"line":289,"column":25},"end":{"line":289,"column":26}},"loc":{"start":{"line":289,"column":31},"end":{"line":289,"column":63}},"line":289}},"branchMap":{"0":{"loc":{"start":{"line":22,"column":6},"end":{"line":24,"column":7}},"type":"binary-expr","locations":[{"start":{"line":22,"column":6},"end":{"line":22,"column":36}},{"start":{"line":23,"column":8},"end":{"line":23,"column":35}}],"line":22},"1":{"loc":{"start":{"line":22,"column":8},"end":{"line":22,"column":35}},"type":"binary-expr","locations":[{"start":{"line":22,"column":8},"end":{"line":22,"column":19}},{"start":{"line":22,"column":23},"end":{"line":22,"column":35}}],"line":22},"2":{"loc":{"start":{"line":102,"column":11},"end":{"line":106,"column":11}},"type":"binary-expr","locations":[{"start":{"line":102,"column":11},"end":{"line":102,"column":41}},{"start":{"line":103,"column":12},"end":{"line":105,"column":21}}],"line":102},"3":{"loc":{"start":{"line":102,"column":13},"end":{"line":102,"column":40}},"type":"binary-expr","locations":[{"start":{"line":102,"column":13},"end":{"line":102,"column":24}},{"start":{"line":102,"column":28},"end":{"line":102,"column":40}}],"line":102},"4":{"loc":{"start":{"line":129,"column":6},"end":{"line":132,"column":7}},"type":"if","locations":[{"start":{"line":129,"column":6},"end":{"line":132,"column":7}},{"start":{},"end":{}}],"line":129},"5":{"loc":{"start":{"line":151,"column":8},"end":{"line":153,"column":9}},"type":"if","locations":[{"start":{"line":151,"column":8},"end":{"line":153,"column":9}},{"start":{},"end":{}}],"line":151},"6":{"loc":{"start":{"line":154,"column":8},"end":{"line":156,"column":9}},"type":"if","locations":[{"start":{"line":154,"column":8},"end":{"line":156,"column":9}},{"start":{},"end":{}}],"line":154},"7":{"loc":{"start":{"line":196,"column":28},"end":{"line":196,"column":83}},"type":"cond-expr","locations":[{"start":{"line":196,"column":48},"end":{"line":196,"column":58}},{"start":{"line":196,"column":61},"end":{"line":196,"column":83}}],"line":196},"8":{"loc":{"start":{"line":232,"column":11},"end":{"line":246,"column":11}},"type":"cond-expr","locations":[{"start":{"line":233,"column":12},"end":{"line":239,"column":15}},{"start":{"line":241,"column":12},"end":{"line":245,"column":22}}],"line":232},"9":{"loc":{"start":{"line":251,"column":9},"end":{"line":295,"column":9}},"type":"cond-expr","locations":[{"start":{"line":252,"column":10},"end":{"line":272,"column":13}},{"start":{"line":274,"column":10},"end":{"line":294,"column":13}}],"line":251}},"s":{"0":0,"1":0,"2":0,"3":0,"4":0,"5":0,"6":0,"7":0,"8":0,"9":0,"10":0,"11":0,"12":0,"13":0,"14":0,"15":0,"16":0,"17":0,"18":0,"19":0,"20":0,"21":0,"22":0,"23":0,"24":0,"25":0,"26":0,"27":0,"28":0,"29":0,"30":0,"31":0,"32":0,"33":0,"34":0,"35":0,"36":0,"37":0,"38":0,"39":0,"40":0,"41":0,"42":0,"43":0,"44":0,"45":0,"46":0,"47":0,"48":0,"49":0,"50":0,"51":0,"52":0,"53":0,"54":0,"55":0,"56":0,"57":0,"58":0,"59":0,"60":0,"61":0,"62":0},"f":{"0":0,"1":0,"2":0,"3":0,"4":0,"5":0,"6":0,"7":0,"8":0,"9":0,"10":0,"11":0,"12":0,"13":0,"14":0,"15":0,"16":0,"17":0,"18":0,"19":0,"20":0,"21":0,"22":0,"23":0,"24":0},"b":{"0":[0,0],"1":[0,0],"2":[0,0],"3":[0,0],"4":[0,0],"5":[0,0],"6":[0,0],"7":[0,0],"8":[0,0],"9":[0,0]}}
,"C:\\Users\\jkurmapu\\OneDrive - Hitachi Vantara\\Desktop\\React Projects\\shopping-app\\src\\components\\VendorConfig\\ConfigureVendor.js": {"path":"C:\\Users\\jkurmapu\\OneDrive - Hitachi Vantara\\Desktop\\React Projects\\shopping-app\\src\\components\\VendorConfig\\ConfigureVendor.js","statementMap":{"0":{"start":{"line":10,"column":24},"end":{"line":170,"column":1}},"1":{"start":{"line":11,"column":32},"end":{"line":11,"column":44}},"2":{"start":{"line":13,"column":2},"end":{"line":15,"column":9}},"3":{"start":{"line":14,"column":4},"end":{"line":14,"column":14}},"4":{"start":{"line":17,"column":18},"end":{"line":26,"column":3}},"5":{"start":{"line":18,"column":4},"end":{"line":25,"column":9}},"6":{"start":{"line":19,"column":27},"end":{"line":19,"column":40}},"7":{"start":{"line":20,"column":26},"end":{"line":20,"column":75}},"8":{"start":{"line":20,"column":54},"end":{"line":20,"column":74}},"9":{"start":{"line":21,"column":6},"end":{"line":21,"column":30}},"10":{"start":{"line":24,"column":8},"end":{"line":24,"column":45}},"11":{"start":{"line":28,"column":26},"end":{"line":31,"column":3}},"12":{"start":{"line":33,"column":23},"end":{"line":42,"column":3}},"13":{"start":{"line":34,"column":4},"end":{"line":41,"column":9}},"14":{"start":{"line":36,"column":8},"end":{"line":36,"column":48}},"15":{"start":{"line":37,"column":8},"end":{"line":37,"column":18}},"16":{"start":{"line":40,"column":8},"end":{"line":40,"column":42}},"17":{"start":{"line":44,"column":23},"end":{"line":53,"column":3}},"18":{"start":{"line":45,"column":4},"end":{"line":52,"column":9}},"19":{"start":{"line":47,"column":8},"end":{"line":47,"column":48}},"20":{"start":{"line":48,"column":8},"end":{"line":48,"column":18}},"21":{"start":{"line":51,"column":8},"end":{"line":51,"column":42}},"22":{"start":{"line":55,"column":23},"end":{"line":63,"column":3}},"23":{"start":{"line":56,"column":4},"end":{"line":62,"column":9}},"24":{"start":{"line":57,"column":6},"end":{"line":57,"column":33}},"25":{"start":{"line":58,"column":6},"end":{"line":58,"column":16}},"26":{"start":{"line":61,"column":8},"end":{"line":61,"column":45}},"27":{"start":{"line":65,"column":2},"end":{"line":169,"column":4}},"28":{"start":{"line":97,"column":14},"end":{"line":162,"column":19}},"29":{"start":{"line":109,"column":43},"end":{"line":109,"column":64}},"30":{"start":{"line":109,"column":65},"end":{"line":109,"column":92}},"31":{"start":{"line":119,"column":43},"end":{"line":119,"column":64}},"32":{"start":{"line":119,"column":65},"end":{"line":119,"column":92}},"33":{"start":{"line":155,"column":35},"end":{"line":155,"column":64}}},"fnMap":{"0":{"name":"(anonymous_0)","decl":{"start":{"line":10,"column":24},"end":{"line":10,"column":25}},"loc":{"start":{"line":10,"column":30},"end":{"line":170,"column":1}},"line":10},"1":{"name":"(anonymous_1)","decl":{"start":{"line":13,"column":12},"end":{"line":13,"column":13}},"loc":{"start":{"line":13,"column":18},"end":{"line":15,"column":3}},"line":13},"2":{"name":"(anonymous_2)","decl":{"start":{"line":17,"column":18},"end":{"line":17,"column":19}},"loc":{"start":{"line":17,"column":24},"end":{"line":26,"column":3}},"line":17},"3":{"name":"(anonymous_3)","decl":{"start":{"line":18,"column":55},"end":{"line":18,"column":56}},"loc":{"start":{"line":18,"column":69},"end":{"line":22,"column":5}},"line":18},"4":{"name":"(anonymous_4)","decl":{"start":{"line":20,"column":46},"end":{"line":20,"column":47}},"loc":{"start":{"line":20,"column":54},"end":{"line":20,"column":74}},"line":20},"5":{"name":"(anonymous_5)","decl":{"start":{"line":23,"column":13},"end":{"line":23,"column":14}},"loc":{"start":{"line":23,"column":24},"end":{"line":25,"column":7}},"line":23},"6":{"name":"(anonymous_6)","decl":{"start":{"line":33,"column":23},"end":{"line":33,"column":24}},"loc":{"start":{"line":33,"column":35},"end":{"line":42,"column":3}},"line":33},"7":{"name":"(anonymous_7)","decl":{"start":{"line":35,"column":12},"end":{"line":35,"column":13}},"loc":{"start":{"line":35,"column":24},"end":{"line":38,"column":7}},"line":35},"8":{"name":"(anonymous_8)","decl":{"start":{"line":39,"column":13},"end":{"line":39,"column":14}},"loc":{"start":{"line":39,"column":22},"end":{"line":41,"column":7}},"line":39},"9":{"name":"(anonymous_9)","decl":{"start":{"line":44,"column":23},"end":{"line":44,"column":24}},"loc":{"start":{"line":44,"column":35},"end":{"line":53,"column":3}},"line":44},"10":{"name":"(anonymous_10)","decl":{"start":{"line":46,"column":12},"end":{"line":46,"column":13}},"loc":{"start":{"line":46,"column":24},"end":{"line":49,"column":7}},"line":46},"11":{"name":"(anonymous_11)","decl":{"start":{"line":50,"column":13},"end":{"line":50,"column":14}},"loc":{"start":{"line":50,"column":22},"end":{"line":52,"column":7}},"line":50},"12":{"name":"(anonymous_12)","decl":{"start":{"line":55,"column":23},"end":{"line":55,"column":24}},"loc":{"start":{"line":55,"column":31},"end":{"line":63,"column":3}},"line":55},"13":{"name":"(anonymous_13)","decl":{"start":{"line":56,"column":67},"end":{"line":56,"column":68}},"loc":{"start":{"line":56,"column":81},"end":{"line":59,"column":5}},"line":56},"14":{"name":"(anonymous_14)","decl":{"start":{"line":60,"column":13},"end":{"line":60,"column":14}},"loc":{"start":{"line":60,"column":24},"end":{"line":62,"column":7}},"line":60},"15":{"name":"(anonymous_15)","decl":{"start":{"line":96,"column":25},"end":{"line":96,"column":26}},"loc":{"start":{"line":97,"column":14},"end":{"line":162,"column":19}},"line":97},"16":{"name":"(anonymous_16)","decl":{"start":{"line":109,"column":35},"end":{"line":109,"column":36}},"loc":{"start":{"line":109,"column":41},"end":{"line":109,"column":94}},"line":109},"17":{"name":"(anonymous_17)","decl":{"start":{"line":119,"column":35},"end":{"line":119,"column":36}},"loc":{"start":{"line":119,"column":41},"end":{"line":119,"column":94}},"line":119},"18":{"name":"(anonymous_18)","decl":{"start":{"line":155,"column":29},"end":{"line":155,"column":30}},"loc":{"start":{"line":155,"column":35},"end":{"line":155,"column":64}},"line":155}},"branchMap":{"0":{"loc":{"start":{"line":103,"column":19},"end":{"line":149,"column":19}},"type":"cond-expr","locations":[{"start":{"line":104,"column":20},"end":{"line":126,"column":23}},{"start":{"line":128,"column":20},"end":{"line":148,"column":23}}],"line":103},"1":{"loc":{"start":{"line":129,"column":23},"end":{"line":146,"column":33}},"type":"cond-expr","locations":[{"start":{"line":130,"column":24},"end":{"line":137,"column":33}},{"start":{"line":139,"column":24},"end":{"line":146,"column":33}}],"line":129}},"s":{"0":0,"1":0,"2":0,"3":0,"4":0,"5":0,"6":0,"7":0,"8":0,"9":0,"10":0,"11":0,"12":0,"13":0,"14":0,"15":0,"16":0,"17":0,"18":0,"19":0,"20":0,"21":0,"22":0,"23":0,"24":0,"25":0,"26":0,"27":0,"28":0,"29":0,"30":0,"31":0,"32":0,"33":0},"f":{"0":0,"1":0,"2":0,"3":0,"4":0,"5":0,"6":0,"7":0,"8":0,"9":0,"10":0,"11":0,"12":0,"13":0,"14":0,"15":0,"16":0,"17":0,"18":0},"b":{"0":[0,0],"1":[0,0]}}
,"C:\\Users\\jkurmapu\\OneDrive - Hitachi Vantara\\Desktop\\React Projects\\shopping-app\\src\\components\\VendorConfig\\VendorProducts.js": {"path":"C:\\Users\\jkurmapu\\OneDrive - Hitachi Vantara\\Desktop\\React Projects\\shopping-app\\src\\components\\VendorConfig\\VendorProducts.js","statementMap":{"0":{"start":{"line":5,"column":23},"end":{"line":82,"column":1}},"1":{"start":{"line":6,"column":40},"end":{"line":6,"column":52}},"2":{"start":{"line":8,"column":2},"end":{"line":10,"column":8}},"3":{"start":{"line":9,"column":4},"end":{"line":9,"column":14}},"4":{"start":{"line":12,"column":20},"end":{"line":41,"column":5}},"5":{"start":{"line":14,"column":8},"end":{"line":40,"column":11}},"6":{"start":{"line":15,"column":33},"end":{"line":15,"column":46}},"7":{"start":{"line":17,"column":12},"end":{"line":25,"column":15}},"8":{"start":{"line":18,"column":14},"end":{"line":20,"column":15}},"9":{"start":{"line":19,"column":16},"end":{"line":19,"column":26}},"10":{"start":{"line":21,"column":14},"end":{"line":23,"column":15}},"11":{"start":{"line":22,"column":16},"end":{"line":22,"column":25}},"12":{"start":{"line":24,"column":14},"end":{"line":24,"column":23}},"13":{"start":{"line":28,"column":40},"end":{"line":28,"column":42}},"14":{"start":{"line":29,"column":12},"end":{"line":33,"column":15}},"15":{"start":{"line":30,"column":16},"end":{"line":32,"column":17}},"16":{"start":{"line":31,"column":16},"end":{"line":31,"column":50}},"17":{"start":{"line":34,"column":12},"end":{"line":34,"column":45}},"18":{"start":{"line":36,"column":12},"end":{"line":36,"column":48}},"19":{"start":{"line":39,"column":12},"end":{"line":39,"column":49}},"20":{"start":{"line":43,"column":28},"end":{"line":47,"column":5}},"21":{"start":{"line":50,"column":2},"end":{"line":81,"column":4}},"22":{"start":{"line":67,"column":14},"end":{"line":75,"column":19}}},"fnMap":{"0":{"name":"(anonymous_0)","decl":{"start":{"line":5,"column":23},"end":{"line":5,"column":24}},"loc":{"start":{"line":5,"column":56},"end":{"line":82,"column":1}},"line":5},"1":{"name":"(anonymous_1)","decl":{"start":{"line":8,"column":12},"end":{"line":8,"column":13}},"loc":{"start":{"line":8,"column":18},"end":{"line":10,"column":3}},"line":8},"2":{"name":"(anonymous_2)","decl":{"start":{"line":12,"column":20},"end":{"line":12,"column":21}},"loc":{"start":{"line":12,"column":26},"end":{"line":41,"column":5}},"line":12},"3":{"name":"(anonymous_3)","decl":{"start":{"line":14,"column":61},"end":{"line":14,"column":62}},"loc":{"start":{"line":14,"column":75},"end":{"line":37,"column":9}},"line":14},"4":{"name":"(anonymous_4)","decl":{"start":{"line":17,"column":30},"end":{"line":17,"column":31}},"loc":{"start":{"line":17,"column":40},"end":{"line":25,"column":13}},"line":17},"5":{"name":"(anonymous_5)","decl":{"start":{"line":29,"column":33},"end":{"line":29,"column":34}},"loc":{"start":{"line":29,"column":44},"end":{"line":33,"column":13}},"line":29},"6":{"name":"(anonymous_6)","decl":{"start":{"line":38,"column":15},"end":{"line":38,"column":16}},"loc":{"start":{"line":38,"column":26},"end":{"line":40,"column":9}},"line":38},"7":{"name":"(anonymous_7)","decl":{"start":{"line":66,"column":29},"end":{"line":66,"column":30}},"loc":{"start":{"line":67,"column":14},"end":{"line":75,"column":19}},"line":67}},"branchMap":{"0":{"loc":{"start":{"line":18,"column":14},"end":{"line":20,"column":15}},"type":"if","locations":[{"start":{"line":18,"column":14},"end":{"line":20,"column":15}},{"start":{},"end":{}}],"line":18},"1":{"loc":{"start":{"line":21,"column":14},"end":{"line":23,"column":15}},"type":"if","locations":[{"start":{"line":21,"column":14},"end":{"line":23,"column":15}},{"start":{},"end":{}}],"line":21},"2":{"loc":{"start":{"line":30,"column":16},"end":{"line":32,"column":17}},"type":"if","locations":[{"start":{"line":30,"column":16},"end":{"line":32,"column":17}},{"start":{},"end":{}}],"line":30}},"s":{"0":0,"1":0,"2":0,"3":0,"4":0,"5":0,"6":0,"7":0,"8":0,"9":0,"10":0,"11":0,"12":0,"13":0,"14":0,"15":0,"16":0,"17":0,"18":0,"19":0,"20":0,"21":0,"22":0},"f":{"0":0,"1":0,"2":0,"3":0,"4":0,"5":0,"6":0,"7":0},"b":{"0":[0,0],"1":[0,0],"2":[0,0]}}
,"C:\\Users\\jkurmapu\\OneDrive - Hitachi Vantara\\Desktop\\React Projects\\shopping-app\\src\\components\\VendorConfig\\YourOrders.js": {"path":"C:\\Users\\jkurmapu\\OneDrive - Hitachi Vantara\\Desktop\\React Projects\\shopping-app\\src\\components\\VendorConfig\\YourOrders.js","statementMap":{"0":{"start":{"line":8,"column":19},"end":{"line":94,"column":1}},"1":{"start":{"line":9,"column":30},"end":{"line":9,"column":42}},"2":{"start":{"line":11,"column":18},"end":{"line":28,"column":3}},"3":{"start":{"line":12,"column":4},"end":{"line":27,"column":9}},"4":{"start":{"line":13,"column":27},"end":{"line":13,"column":40}},"5":{"start":{"line":15,"column":6},"end":{"line":22,"column":7}},"6":{"start":{"line":16,"column":35},"end":{"line":16,"column":95}},"7":{"start":{"line":16,"column":66},"end":{"line":16,"column":94}},"8":{"start":{"line":17,"column":8},"end":{"line":17,"column":40}},"9":{"start":{"line":18,"column":8},"end":{"line":18,"column":38}},"10":{"start":{"line":21,"column":8},"end":{"line":21,"column":32}},"11":{"start":{"line":26,"column":8},"end":{"line":26,"column":45}},"12":{"start":{"line":30,"column":2},"end":{"line":32,"column":9}},"13":{"start":{"line":31,"column":4},"end":{"line":31,"column":14}},"14":{"start":{"line":34,"column":26},"end":{"line":38,"column":3}},"15":{"start":{"line":41,"column":2},"end":{"line":93,"column":4}},"16":{"start":{"line":72,"column":14},"end":{"line":87,"column":19}}},"fnMap":{"0":{"name":"(anonymous_0)","decl":{"start":{"line":8,"column":19},"end":{"line":8,"column":20}},"loc":{"start":{"line":8,"column":40},"end":{"line":94,"column":1}},"line":8},"1":{"name":"(anonymous_1)","decl":{"start":{"line":11,"column":18},"end":{"line":11,"column":19}},"loc":{"start":{"line":11,"column":24},"end":{"line":28,"column":3}},"line":11},"2":{"name":"(anonymous_2)","decl":{"start":{"line":12,"column":54},"end":{"line":12,"column":55}},"loc":{"start":{"line":12,"column":68},"end":{"line":24,"column":5}},"line":12},"3":{"name":"(anonymous_3)","decl":{"start":{"line":16,"column":55},"end":{"line":16,"column":56}},"loc":{"start":{"line":16,"column":66},"end":{"line":16,"column":94}},"line":16},"4":{"name":"(anonymous_4)","decl":{"start":{"line":25,"column":13},"end":{"line":25,"column":14}},"loc":{"start":{"line":25,"column":24},"end":{"line":27,"column":7}},"line":25},"5":{"name":"(anonymous_5)","decl":{"start":{"line":30,"column":12},"end":{"line":30,"column":13}},"loc":{"start":{"line":30,"column":18},"end":{"line":32,"column":3}},"line":30},"6":{"name":"(anonymous_6)","decl":{"start":{"line":71,"column":24},"end":{"line":71,"column":25}},"loc":{"start":{"line":72,"column":14},"end":{"line":87,"column":19}},"line":72}},"branchMap":{"0":{"loc":{"start":{"line":15,"column":6},"end":{"line":22,"column":7}},"type":"if","locations":[{"start":{"line":15,"column":6},"end":{"line":22,"column":7}},{"start":{"line":20,"column":11},"end":{"line":22,"column":7}}],"line":15}},"s":{"0":0,"1":0,"2":0,"3":0,"4":0,"5":0,"6":0,"7":0,"8":0,"9":0,"10":0,"11":0,"12":0,"13":0,"14":0,"15":0,"16":0},"f":{"0":0,"1":0,"2":0,"3":0,"4":0,"5":0,"6":0},"b":{"0":[0,0]}}
}
